{"total": {"lines":{"total":727,"covered":690,"skipped":0,"pct":94.91},"statements":{"total":747,"covered":709,"skipped":0,"pct":94.91},"functions":{"total":94,"covered":93,"skipped":0,"pct":98.93},"branches":{"total":365,"covered":331,"skipped":0,"pct":90.68},"branchesTrue":{"total":0,"covered":0,"skipped":0,"pct":100}}
,"/home/ntoylker/Desktop/ONLYVIBES/onlyvibes-backend/config/database.js": {"lines":{"total":10,"covered":10,"skipped":0,"pct":100},"functions":{"total":1,"covered":1,"skipped":0,"pct":100},"statements":{"total":10,"covered":10,"skipped":0,"pct":100},"branches":{"total":2,"covered":2,"skipped":0,"pct":100}}
,"/home/ntoylker/Desktop/ONLYVIBES/onlyvibes-backend/src/app.js": {"lines":{"total":25,"covered":25,"skipped":0,"pct":100},"functions":{"total":5,"covered":5,"skipped":0,"pct":100},"statements":{"total":26,"covered":26,"skipped":0,"pct":100},"branches":{"total":18,"covered":15,"skipped":0,"pct":83.33}}
,"/home/ntoylker/Desktop/ONLYVIBES/onlyvibes-backend/src/server.js": {"lines":{"total":5,"covered":5,"skipped":0,"pct":100},"functions":{"total":1,"covered":1,"skipped":0,"pct":100},"statements":{"total":5,"covered":5,"skipped":0,"pct":100},"branches":{"total":2,"covered":2,"skipped":0,"pct":100}}
,"/home/ntoylker/Desktop/ONLYVIBES/onlyvibes-backend/src/controllers/accountController.js": {"lines":{"total":119,"covered":98,"skipped":0,"pct":82.35},"functions":{"total":7,"covered":7,"skipped":0,"pct":100},"statements":{"total":120,"covered":98,"skipped":0,"pct":81.66},"branches":{"total":60,"covered":46,"skipped":0,"pct":76.66}}
,"/home/ntoylker/Desktop/ONLYVIBES/onlyvibes-backend/src/controllers/authController.js": {"lines":{"total":23,"covered":20,"skipped":0,"pct":86.95},"functions":{"total":2,"covered":2,"skipped":0,"pct":100},"statements":{"total":23,"covered":20,"skipped":0,"pct":86.95},"branches":{"total":11,"covered":10,"skipped":0,"pct":90.9}}
,"/home/ntoylker/Desktop/ONLYVIBES/onlyvibes-backend/src/controllers/eventController.js": {"lines":{"total":136,"covered":132,"skipped":0,"pct":97.05},"functions":{"total":14,"covered":14,"skipped":0,"pct":100},"statements":{"total":136,"covered":132,"skipped":0,"pct":97.05},"branches":{"total":81,"covered":75,"skipped":0,"pct":92.59}}
,"/home/ntoylker/Desktop/ONLYVIBES/onlyvibes-backend/src/controllers/reviewController.js": {"lines":{"total":94,"covered":94,"skipped":0,"pct":100},"functions":{"total":10,"covered":10,"skipped":0,"pct":100},"statements":{"total":94,"covered":94,"skipped":0,"pct":100},"branches":{"total":33,"covered":33,"skipped":0,"pct":100}}
,"/home/ntoylker/Desktop/ONLYVIBES/onlyvibes-backend/src/middleware/auth.js": {"lines":{"total":16,"covered":14,"skipped":0,"pct":87.5},"functions":{"total":1,"covered":1,"skipped":0,"pct":100},"statements":{"total":16,"covered":14,"skipped":0,"pct":87.5},"branches":{"total":8,"covered":7,"skipped":0,"pct":87.5}}
,"/home/ntoylker/Desktop/ONLYVIBES/onlyvibes-backend/src/models/account.js": {"lines":{"total":4,"covered":4,"skipped":0,"pct":100},"functions":{"total":2,"covered":2,"skipped":0,"pct":100},"statements":{"total":4,"covered":4,"skipped":0,"pct":100},"branches":{"total":2,"covered":2,"skipped":0,"pct":100}}
,"/home/ntoylker/Desktop/ONLYVIBES/onlyvibes-backend/src/models/event.js": {"lines":{"total":20,"covered":20,"skipped":0,"pct":100},"functions":{"total":7,"covered":7,"skipped":0,"pct":100},"statements":{"total":22,"covered":22,"skipped":0,"pct":100},"branches":{"total":14,"covered":13,"skipped":0,"pct":92.85}}
,"/home/ntoylker/Desktop/ONLYVIBES/onlyvibes-backend/src/models/review.js": {"lines":{"total":2,"covered":2,"skipped":0,"pct":100},"functions":{"total":0,"covered":0,"skipped":0,"pct":100},"statements":{"total":2,"covered":2,"skipped":0,"pct":100},"branches":{"total":2,"covered":2,"skipped":0,"pct":100}}
,"/home/ntoylker/Desktop/ONLYVIBES/onlyvibes-backend/src/routes/accountRoutes.js": {"lines":{"total":5,"covered":5,"skipped":0,"pct":100},"functions":{"total":0,"covered":0,"skipped":0,"pct":100},"statements":{"total":5,"covered":5,"skipped":0,"pct":100},"branches":{"total":0,"covered":0,"skipped":0,"pct":100}}
,"/home/ntoylker/Desktop/ONLYVIBES/onlyvibes-backend/src/routes/authRoutes.js": {"lines":{"total":3,"covered":3,"skipped":0,"pct":100},"functions":{"total":0,"covered":0,"skipped":0,"pct":100},"statements":{"total":3,"covered":3,"skipped":0,"pct":100},"branches":{"total":0,"covered":0,"skipped":0,"pct":100}}
,"/home/ntoylker/Desktop/ONLYVIBES/onlyvibes-backend/src/routes/eventRoutes.js": {"lines":{"total":7,"covered":7,"skipped":0,"pct":100},"functions":{"total":0,"covered":0,"skipped":0,"pct":100},"statements":{"total":7,"covered":7,"skipped":0,"pct":100},"branches":{"total":0,"covered":0,"skipped":0,"pct":100}}
,"/home/ntoylker/Desktop/ONLYVIBES/onlyvibes-backend/src/routes/reviewRoutes.js": {"lines":{"total":7,"covered":7,"skipped":0,"pct":100},"functions":{"total":0,"covered":0,"skipped":0,"pct":100},"statements":{"total":7,"covered":7,"skipped":0,"pct":100},"branches":{"total":0,"covered":0,"skipped":0,"pct":100}}
,"/home/ntoylker/Desktop/ONLYVIBES/onlyvibes-backend/src/services/accountService.js": {"lines":{"total":50,"covered":46,"skipped":0,"pct":92},"functions":{"total":7,"covered":7,"skipped":0,"pct":100},"statements":{"total":51,"covered":47,"skipped":0,"pct":92.15},"branches":{"total":18,"covered":15,"skipped":0,"pct":83.33}}
,"/home/ntoylker/Desktop/ONLYVIBES/onlyvibes-backend/src/services/eventService.js": {"lines":{"total":102,"covered":100,"skipped":0,"pct":98.03},"functions":{"total":12,"covered":12,"skipped":0,"pct":100},"statements":{"total":104,"covered":102,"skipped":0,"pct":98.07},"branches":{"total":53,"covered":50,"skipped":0,"pct":94.33}}
,"/home/ntoylker/Desktop/ONLYVIBES/onlyvibes-backend/src/services/reviewService.js": {"lines":{"total":69,"covered":69,"skipped":0,"pct":100},"functions":{"total":15,"covered":15,"skipped":0,"pct":100},"statements":{"total":80,"covered":80,"skipped":0,"pct":100},"branches":{"total":46,"covered":46,"skipped":0,"pct":100}}
,"/home/ntoylker/Desktop/ONLYVIBES/onlyvibes-backend/src/tests/utils/testDb.js": {"lines":{"total":25,"covered":24,"skipped":0,"pct":96},"functions":{"total":8,"covered":7,"skipped":0,"pct":87.5},"statements":{"total":26,"covered":25,"skipped":0,"pct":96.15},"branches":{"total":15,"covered":13,"skipped":0,"pct":86.66}}
,"/home/ntoylker/Desktop/ONLYVIBES/onlyvibes-backend/src/utils/dbHealth.js": {"lines":{"total":3,"covered":3,"skipped":0,"pct":100},"functions":{"total":2,"covered":2,"skipped":0,"pct":100},"statements":{"total":4,"covered":4,"skipped":0,"pct":100},"branches":{"total":0,"covered":0,"skipped":0,"pct":100}}
,"/home/ntoylker/Desktop/ONLYVIBES/onlyvibes-backend/src/utils/logger.js": {"lines":{"total":2,"covered":2,"skipped":0,"pct":100},"functions":{"total":0,"covered":0,"skipped":0,"pct":100},"statements":{"total":2,"covered":2,"skipped":0,"pct":100},"branches":{"total":0,"covered":0,"skipped":0,"pct":100}}
}
