{"/home/ntoylker/Desktop/ONLYVIBES/onlyvibes-backend/src/app.js": {"path":"/home/ntoylker/Desktop/ONLYVIBES/onlyvibes-backend/src/app.js","statementMap":{"0":{"start":{"line":11,"column":12},"end":{"line":11,"column":21}},"1":{"start":{"line":13,"column":0},"end":{"line":16,"column":4}},"2":{"start":{"line":21,"column":0},"end":{"line":21,"column":24}},"3":{"start":{"line":22,"column":0},"end":{"line":22,"column":48}},"4":{"start":{"line":27,"column":0},"end":{"line":46,"column":3}},"5":{"start":{"line":28,"column":16},"end":{"line":28,"column":26}},"6":{"start":{"line":30,"column":2},"end":{"line":43,"column":5}},"7":{"start":{"line":31,"column":21},"end":{"line":31,"column":39}},"8":{"start":{"line":34,"column":21},"end":{"line":34,"column":36}},"9":{"start":{"line":35,"column":4},"end":{"line":35,"column":53}},"10":{"start":{"line":35,"column":27},"end":{"line":35,"column":53}},"11":{"start":{"line":38,"column":4},"end":{"line":42,"column":6}},"12":{"start":{"line":45,"column":2},"end":{"line":45,"column":9}},"13":{"start":{"line":51,"column":0},"end":{"line":58,"column":3}},"14":{"start":{"line":52,"column":2},"end":{"line":57,"column":5}},"15":{"start":{"line":69,"column":0},"end":{"line":69,"column":36}},"16":{"start":{"line":70,"column":0},"end":{"line":70,"column":32}},"17":{"start":{"line":71,"column":0},"end":{"line":71,"column":22}},"18":{"start":{"line":72,"column":0},"end":{"line":72,"column":20}},"19":{"start":{"line":77,"column":0},"end":{"line":84,"column":3}},"20":{"start":{"line":78,"column":2},"end":{"line":83,"column":5}},"21":{"start":{"line":89,"column":0},"end":{"line":110,"column":3}},"22":{"start":{"line":90,"column":21},"end":{"line":90,"column":42}},"23":{"start":{"line":92,"column":2},"end":{"line":99,"column":3}},"24":{"start":{"line":93,"column":4},"end":{"line":98,"column":7}},"25":{"start":{"line":101,"column":2},"end":{"line":109,"column":5}}},"fnMap":{"0":{"name":"(anonymous_0)","decl":{"start":{"line":27,"column":8},"end":{"line":27,"column":9}},"loc":{"start":{"line":27,"column":28},"end":{"line":46,"column":1}},"line":27},"1":{"name":"(anonymous_1)","decl":{"start":{"line":30,"column":19},"end":{"line":30,"column":20}},"loc":{"start":{"line":30,"column":25},"end":{"line":43,"column":3}},"line":30},"2":{"name":"(anonymous_2)","decl":{"start":{"line":51,"column":19},"end":{"line":51,"column":20}},"loc":{"start":{"line":51,"column":33},"end":{"line":58,"column":1}},"line":51},"3":{"name":"(anonymous_3)","decl":{"start":{"line":77,"column":8},"end":{"line":77,"column":9}},"loc":{"start":{"line":77,"column":28},"end":{"line":84,"column":1}},"line":77},"4":{"name":"(anonymous_4)","decl":{"start":{"line":89,"column":8},"end":{"line":89,"column":9}},"loc":{"start":{"line":89,"column":33},"end":{"line":110,"column":1}},"line":89}},"branchMap":{"0":{"loc":{"start":{"line":35,"column":4},"end":{"line":35,"column":53}},"type":"if","locations":[{"start":{"line":35,"column":4},"end":{"line":35,"column":53}},{"start":{},"end":{}}],"line":35},"1":{"loc":{"start":{"line":90,"column":21},"end":{"line":90,"column":42}},"type":"binary-expr","locations":[{"start":{"line":90,"column":21},"end":{"line":90,"column":35}},{"start":{"line":90,"column":39},"end":{"line":90,"column":42}}],"line":90},"2":{"loc":{"start":{"line":92,"column":2},"end":{"line":99,"column":3}},"type":"if","locations":[{"start":{"line":92,"column":2},"end":{"line":99,"column":3}},{"start":{},"end":{}}],"line":92},"3":{"loc":{"start":{"line":92,"column":6},"end":{"line":92,"column":58}},"type":"binary-expr","locations":[{"start":{"line":92,"column":6},"end":{"line":92,"column":24}},{"start":{"line":92,"column":28},"end":{"line":92,"column":58}}],"line":92},"4":{"loc":{"start":{"line":96,"column":13},"end":{"line":96,"column":31}},"type":"binary-expr","locations":[{"start":{"line":96,"column":13},"end":{"line":96,"column":23}},{"start":{"line":96,"column":27},"end":{"line":96,"column":31}}],"line":96},"5":{"loc":{"start":{"line":97,"column":15},"end":{"line":97,"column":48}},"type":"binary-expr","locations":[{"start":{"line":97,"column":15},"end":{"line":97,"column":26}},{"start":{"line":97,"column":30},"end":{"line":97,"column":48}}],"line":97},"6":{"loc":{"start":{"line":105,"column":12},"end":{"line":105,"column":31}},"type":"binary-expr","locations":[{"start":{"line":105,"column":12},"end":{"line":105,"column":20}},{"start":{"line":105,"column":24},"end":{"line":105,"column":31}}],"line":105},"7":{"loc":{"start":{"line":106,"column":15},"end":{"line":106,"column":34}},"type":"binary-expr","locations":[{"start":{"line":106,"column":15},"end":{"line":106,"column":26}},{"start":{"line":106,"column":30},"end":{"line":106,"column":34}}],"line":106},"8":{"loc":{"start":{"line":108,"column":13},"end":{"line":108,"column":51}},"type":"binary-expr","locations":[{"start":{"line":108,"column":13},"end":{"line":108,"column":24}},{"start":{"line":108,"column":28},"end":{"line":108,"column":51}}],"line":108}},"s":{"0":4,"1":4,"2":4,"3":4,"4":4,"5":82,"6":82,"7":82,"8":82,"9":82,"10":13,"11":82,"12":82,"13":4,"14":0,"15":4,"16":4,"17":4,"18":4,"19":4,"20":0,"21":4,"22":45,"23":45,"24":30,"25":15},"f":{"0":82,"1":82,"2":0,"3":0,"4":45},"b":{"0":[13,69],"1":[45,2],"2":[30,15],"3":[45,17],"4":[30,28],"5":[30,0],"6":[15,0],"7":[15,15],"8":[15,0]},"inputSourceMap":null,"_coverageSchema":"1a1c01bbd47fc00a2c39e90264f33305004495a9","hash":"40ed4c1e4b934d21c6a125b73b4411f1b9a5334c"}
,"/home/ntoylker/Desktop/ONLYVIBES/onlyvibes-backend/src/controllers/accountController.js": {"path":"/home/ntoylker/Desktop/ONLYVIBES/onlyvibes-backend/src/controllers/accountController.js","statementMap":{"0":{"start":{"line":14,"column":21},"end":{"line":18,"column":1}},"1":{"start":{"line":15,"column":2},"end":{"line":15,"column":27}},"2":{"start":{"line":15,"column":14},"end":{"line":15,"column":27}},"3":{"start":{"line":16,"column":13},"end":{"line":16,"column":41}},"4":{"start":{"line":17,"column":2},"end":{"line":17,"column":24}},"5":{"start":{"line":20,"column":28},"end":{"line":20,"column":45}},"6":{"start":{"line":22,"column":31},"end":{"line":46,"column":1}},"7":{"start":{"line":23,"column":17},"end":{"line":23,"column":19}},"8":{"start":{"line":25,"column":2},"end":{"line":27,"column":3}},"9":{"start":{"line":26,"column":4},"end":{"line":26,"column":44}},"10":{"start":{"line":29,"column":2},"end":{"line":31,"column":3}},"11":{"start":{"line":30,"column":4},"end":{"line":30,"column":43}},"12":{"start":{"line":33,"column":2},"end":{"line":35,"column":3}},"13":{"start":{"line":34,"column":4},"end":{"line":34,"column":58}},"14":{"start":{"line":37,"column":2},"end":{"line":39,"column":3}},"15":{"start":{"line":38,"column":4},"end":{"line":38,"column":50}},"16":{"start":{"line":41,"column":2},"end":{"line":45,"column":3}},"17":{"start":{"line":42,"column":16},"end":{"line":42,"column":36}},"18":{"start":{"line":43,"column":4},"end":{"line":43,"column":25}},"19":{"start":{"line":44,"column":4},"end":{"line":44,"column":14}},"20":{"start":{"line":48,"column":31},"end":{"line":153,"column":1}},"21":{"start":{"line":49,"column":2},"end":{"line":53,"column":3}},"22":{"start":{"line":50,"column":16},"end":{"line":50,"column":64}},"23":{"start":{"line":51,"column":4},"end":{"line":51,"column":25}},"24":{"start":{"line":52,"column":4},"end":{"line":52,"column":14}},"25":{"start":{"line":55,"column":26},"end":{"line":63,"column":4}},"26":{"start":{"line":65,"column":20},"end":{"line":65,"column":22}},"27":{"start":{"line":66,"column":16},"end":{"line":66,"column":21}},"28":{"start":{"line":68,"column":2},"end":{"line":144,"column":3}},"29":{"start":{"line":69,"column":4},"end":{"line":73,"column":5}},"30":{"start":{"line":70,"column":18},"end":{"line":70,"column":64}},"31":{"start":{"line":71,"column":6},"end":{"line":71,"column":27}},"32":{"start":{"line":72,"column":6},"end":{"line":72,"column":16}},"33":{"start":{"line":75,"column":4},"end":{"line":75,"column":19}},"34":{"start":{"line":77,"column":4},"end":{"line":143,"column":5}},"35":{"start":{"line":79,"column":8},"end":{"line":83,"column":9}},"36":{"start":{"line":80,"column":22},"end":{"line":80,"column":74}},"37":{"start":{"line":81,"column":10},"end":{"line":81,"column":31}},"38":{"start":{"line":82,"column":10},"end":{"line":82,"column":20}},"39":{"start":{"line":84,"column":8},"end":{"line":84,"column":42}},"40":{"start":{"line":85,"column":8},"end":{"line":85,"column":14}},"41":{"start":{"line":88,"column":8},"end":{"line":92,"column":9}},"42":{"start":{"line":89,"column":22},"end":{"line":89,"column":59}},"43":{"start":{"line":90,"column":10},"end":{"line":90,"column":31}},"44":{"start":{"line":91,"column":10},"end":{"line":91,"column":20}},"45":{"start":{"line":93,"column":8},"end":{"line":93,"column":32}},"46":{"start":{"line":94,"column":8},"end":{"line":94,"column":14}},"47":{"start":{"line":97,"column":8},"end":{"line":101,"column":9}},"48":{"start":{"line":98,"column":22},"end":{"line":98,"column":73}},"49":{"start":{"line":99,"column":10},"end":{"line":99,"column":31}},"50":{"start":{"line":100,"column":10},"end":{"line":100,"column":20}},"51":{"start":{"line":102,"column":8},"end":{"line":102,"column":35}},"52":{"start":{"line":103,"column":8},"end":{"line":103,"column":14}},"53":{"start":{"line":106,"column":8},"end":{"line":110,"column":9}},"54":{"start":{"line":107,"column":22},"end":{"line":107,"column":65}},"55":{"start":{"line":108,"column":10},"end":{"line":108,"column":31}},"56":{"start":{"line":109,"column":10},"end":{"line":109,"column":20}},"57":{"start":{"line":111,"column":8},"end":{"line":111,"column":31}},"58":{"start":{"line":112,"column":8},"end":{"line":112,"column":14}},"59":{"start":{"line":115,"column":8},"end":{"line":119,"column":9}},"60":{"start":{"line":116,"column":22},"end":{"line":116,"column":74}},"61":{"start":{"line":117,"column":10},"end":{"line":117,"column":31}},"62":{"start":{"line":118,"column":10},"end":{"line":118,"column":20}},"63":{"start":{"line":120,"column":8},"end":{"line":120,"column":38}},"64":{"start":{"line":121,"column":8},"end":{"line":121,"column":14}},"65":{"start":{"line":124,"column":8},"end":{"line":128,"column":9}},"66":{"start":{"line":125,"column":22},"end":{"line":125,"column":65}},"67":{"start":{"line":126,"column":10},"end":{"line":126,"column":31}},"68":{"start":{"line":127,"column":10},"end":{"line":127,"column":20}},"69":{"start":{"line":129,"column":8},"end":{"line":129,"column":39}},"70":{"start":{"line":130,"column":8},"end":{"line":130,"column":14}},"71":{"start":{"line":133,"column":8},"end":{"line":137,"column":9}},"72":{"start":{"line":134,"column":22},"end":{"line":134,"column":63}},"73":{"start":{"line":135,"column":10},"end":{"line":135,"column":31}},"74":{"start":{"line":136,"column":10},"end":{"line":136,"column":20}},"75":{"start":{"line":138,"column":8},"end":{"line":138,"column":37}},"76":{"start":{"line":139,"column":8},"end":{"line":139,"column":14}},"77":{"start":{"line":142,"column":8},"end":{"line":142,"column":14}},"78":{"start":{"line":146,"column":2},"end":{"line":150,"column":3}},"79":{"start":{"line":147,"column":16},"end":{"line":147,"column":66}},"80":{"start":{"line":148,"column":4},"end":{"line":148,"column":25}},"81":{"start":{"line":149,"column":4},"end":{"line":149,"column":14}},"82":{"start":{"line":152,"column":2},"end":{"line":152,"column":19}},"83":{"start":{"line":162,"column":29},"end":{"line":177,"column":1}},"84":{"start":{"line":163,"column":2},"end":{"line":176,"column":3}},"85":{"start":{"line":164,"column":4},"end":{"line":164,"column":37}},"86":{"start":{"line":166,"column":20},"end":{"line":166,"column":56}},"87":{"start":{"line":168,"column":4},"end":{"line":173,"column":7}},"88":{"start":{"line":175,"column":4},"end":{"line":175,"column":23}},"89":{"start":{"line":182,"column":30},"end":{"line":202,"column":1}},"90":{"start":{"line":183,"column":2},"end":{"line":201,"column":3}},"91":{"start":{"line":184,"column":19},"end":{"line":184,"column":29}},"92":{"start":{"line":185,"column":20},"end":{"line":185,"column":51}},"93":{"start":{"line":187,"column":4},"end":{"line":191,"column":5}},"94":{"start":{"line":188,"column":18},"end":{"line":188,"column":48}},"95":{"start":{"line":189,"column":6},"end":{"line":189,"column":27}},"96":{"start":{"line":190,"column":6},"end":{"line":190,"column":16}},"97":{"start":{"line":193,"column":4},"end":{"line":198,"column":7}},"98":{"start":{"line":200,"column":4},"end":{"line":200,"column":23}},"99":{"start":{"line":207,"column":29},"end":{"line":228,"column":1}},"100":{"start":{"line":208,"column":2},"end":{"line":227,"column":3}},"101":{"start":{"line":209,"column":19},"end":{"line":209,"column":29}},"102":{"start":{"line":210,"column":20},"end":{"line":210,"column":52}},"103":{"start":{"line":211,"column":20},"end":{"line":211,"column":59}},"104":{"start":{"line":213,"column":4},"end":{"line":217,"column":5}},"105":{"start":{"line":214,"column":18},"end":{"line":214,"column":48}},"106":{"start":{"line":215,"column":6},"end":{"line":215,"column":27}},"107":{"start":{"line":216,"column":6},"end":{"line":216,"column":16}},"108":{"start":{"line":219,"column":4},"end":{"line":224,"column":7}},"109":{"start":{"line":226,"column":4},"end":{"line":226,"column":23}},"110":{"start":{"line":234,"column":29},"end":{"line":254,"column":1}},"111":{"start":{"line":235,"column":2},"end":{"line":253,"column":3}},"112":{"start":{"line":236,"column":19},"end":{"line":236,"column":29}},"113":{"start":{"line":237,"column":20},"end":{"line":237,"column":50}},"114":{"start":{"line":239,"column":4},"end":{"line":243,"column":5}},"115":{"start":{"line":240,"column":18},"end":{"line":240,"column":48}},"116":{"start":{"line":241,"column":6},"end":{"line":241,"column":27}},"117":{"start":{"line":242,"column":6},"end":{"line":242,"column":16}},"118":{"start":{"line":245,"column":4},"end":{"line":250,"column":7}},"119":{"start":{"line":252,"column":4},"end":{"line":252,"column":23}}},"fnMap":{"0":{"name":"(anonymous_0)","decl":{"start":{"line":14,"column":21},"end":{"line":14,"column":22}},"loc":{"start":{"line":14,"column":32},"end":{"line":18,"column":1}},"line":14},"1":{"name":"(anonymous_1)","decl":{"start":{"line":22,"column":31},"end":{"line":22,"column":32}},"loc":{"start":{"line":22,"column":44},"end":{"line":46,"column":1}},"line":22},"2":{"name":"(anonymous_2)","decl":{"start":{"line":48,"column":31},"end":{"line":48,"column":32}},"loc":{"start":{"line":48,"column":44},"end":{"line":153,"column":1}},"line":48},"3":{"name":"(anonymous_3)","decl":{"start":{"line":162,"column":29},"end":{"line":162,"column":30}},"loc":{"start":{"line":162,"column":55},"end":{"line":177,"column":1}},"line":162},"4":{"name":"(anonymous_4)","decl":{"start":{"line":182,"column":30},"end":{"line":182,"column":31}},"loc":{"start":{"line":182,"column":56},"end":{"line":202,"column":1}},"line":182},"5":{"name":"(anonymous_5)","decl":{"start":{"line":207,"column":29},"end":{"line":207,"column":30}},"loc":{"start":{"line":207,"column":55},"end":{"line":228,"column":1}},"line":207},"6":{"name":"(anonymous_6)","decl":{"start":{"line":234,"column":29},"end":{"line":234,"column":30}},"loc":{"start":{"line":234,"column":55},"end":{"line":254,"column":1}},"line":234}},"branchMap":{"0":{"loc":{"start":{"line":15,"column":2},"end":{"line":15,"column":27}},"type":"if","locations":[{"start":{"line":15,"column":2},"end":{"line":15,"column":27}},{"start":{},"end":{}}],"line":15},"1":{"loc":{"start":{"line":25,"column":2},"end":{"line":27,"column":3}},"type":"if","locations":[{"start":{"line":25,"column":2},"end":{"line":27,"column":3}},{"start":{},"end":{}}],"line":25},"2":{"loc":{"start":{"line":29,"column":2},"end":{"line":31,"column":3}},"type":"if","locations":[{"start":{"line":29,"column":2},"end":{"line":31,"column":3}},{"start":{},"end":{}}],"line":29},"3":{"loc":{"start":{"line":29,"column":6},"end":{"line":29,"column":55}},"type":"binary-expr","locations":[{"start":{"line":29,"column":6},"end":{"line":29,"column":19}},{"start":{"line":29,"column":23},"end":{"line":29,"column":55}}],"line":29},"4":{"loc":{"start":{"line":33,"column":2},"end":{"line":35,"column":3}},"type":"if","locations":[{"start":{"line":33,"column":2},"end":{"line":35,"column":3}},{"start":{},"end":{}}],"line":33},"5":{"loc":{"start":{"line":33,"column":6},"end":{"line":33,"column":94}},"type":"binary-expr","locations":[{"start":{"line":33,"column":6},"end":{"line":33,"column":23}},{"start":{"line":33,"column":27},"end":{"line":33,"column":63}},{"start":{"line":33,"column":67},"end":{"line":33,"column":94}}],"line":33},"6":{"loc":{"start":{"line":37,"column":2},"end":{"line":39,"column":3}},"type":"if","locations":[{"start":{"line":37,"column":2},"end":{"line":39,"column":3}},{"start":{},"end":{}}],"line":37},"7":{"loc":{"start":{"line":41,"column":2},"end":{"line":45,"column":3}},"type":"if","locations":[{"start":{"line":41,"column":2},"end":{"line":45,"column":3}},{"start":{},"end":{}}],"line":41},"8":{"loc":{"start":{"line":49,"column":2},"end":{"line":53,"column":3}},"type":"if","locations":[{"start":{"line":49,"column":2},"end":{"line":53,"column":3}},{"start":{},"end":{}}],"line":49},"9":{"loc":{"start":{"line":49,"column":6},"end":{"line":49,"column":71}},"type":"binary-expr","locations":[{"start":{"line":49,"column":6},"end":{"line":49,"column":14}},{"start":{"line":49,"column":18},"end":{"line":49,"column":45}},{"start":{"line":49,"column":49},"end":{"line":49,"column":71}}],"line":49},"10":{"loc":{"start":{"line":69,"column":4},"end":{"line":73,"column":5}},"type":"if","locations":[{"start":{"line":69,"column":4},"end":{"line":73,"column":5}},{"start":{},"end":{}}],"line":69},"11":{"loc":{"start":{"line":77,"column":4},"end":{"line":143,"column":5}},"type":"switch","locations":[{"start":{"line":78,"column":6},"end":{"line":86,"column":7}},{"start":{"line":87,"column":6},"end":{"line":95,"column":7}},{"start":{"line":96,"column":6},"end":{"line":104,"column":7}},{"start":{"line":105,"column":6},"end":{"line":113,"column":7}},{"start":{"line":114,"column":6},"end":{"line":122,"column":7}},{"start":{"line":123,"column":6},"end":{"line":131,"column":7}},{"start":{"line":132,"column":6},"end":{"line":140,"column":7}},{"start":{"line":141,"column":6},"end":{"line":142,"column":14}}],"line":77},"12":{"loc":{"start":{"line":79,"column":8},"end":{"line":83,"column":9}},"type":"if","locations":[{"start":{"line":79,"column":8},"end":{"line":83,"column":9}},{"start":{},"end":{}}],"line":79},"13":{"loc":{"start":{"line":79,"column":12},"end":{"line":79,"column":64}},"type":"binary-expr","locations":[{"start":{"line":79,"column":12},"end":{"line":79,"column":37}},{"start":{"line":79,"column":41},"end":{"line":79,"column":64}}],"line":79},"14":{"loc":{"start":{"line":88,"column":8},"end":{"line":92,"column":9}},"type":"if","locations":[{"start":{"line":88,"column":8},"end":{"line":92,"column":9}},{"start":{},"end":{}}],"line":88},"15":{"loc":{"start":{"line":97,"column":8},"end":{"line":101,"column":9}},"type":"if","locations":[{"start":{"line":97,"column":8},"end":{"line":101,"column":9}},{"start":{},"end":{}}],"line":97},"16":{"loc":{"start":{"line":97,"column":12},"end":{"line":97,"column":57}},"type":"binary-expr","locations":[{"start":{"line":97,"column":12},"end":{"line":97,"column":37}},{"start":{"line":97,"column":41},"end":{"line":97,"column":57}}],"line":97},"17":{"loc":{"start":{"line":106,"column":8},"end":{"line":110,"column":9}},"type":"if","locations":[{"start":{"line":106,"column":8},"end":{"line":110,"column":9}},{"start":{},"end":{}}],"line":106},"18":{"loc":{"start":{"line":115,"column":8},"end":{"line":119,"column":9}},"type":"if","locations":[{"start":{"line":115,"column":8},"end":{"line":119,"column":9}},{"start":{},"end":{}}],"line":115},"19":{"loc":{"start":{"line":124,"column":8},"end":{"line":128,"column":9}},"type":"if","locations":[{"start":{"line":124,"column":8},"end":{"line":128,"column":9}},{"start":{},"end":{}}],"line":124},"20":{"loc":{"start":{"line":124,"column":12},"end":{"line":124,"column":55}},"type":"binary-expr","locations":[{"start":{"line":124,"column":12},"end":{"line":124,"column":26}},{"start":{"line":124,"column":30},"end":{"line":124,"column":55}}],"line":124},"21":{"loc":{"start":{"line":133,"column":8},"end":{"line":137,"column":9}},"type":"if","locations":[{"start":{"line":133,"column":8},"end":{"line":137,"column":9}},{"start":{},"end":{}}],"line":133},"22":{"loc":{"start":{"line":146,"column":2},"end":{"line":150,"column":3}},"type":"if","locations":[{"start":{"line":146,"column":2},"end":{"line":150,"column":3}},{"start":{},"end":{}}],"line":146},"23":{"loc":{"start":{"line":187,"column":4},"end":{"line":191,"column":5}},"type":"if","locations":[{"start":{"line":187,"column":4},"end":{"line":191,"column":5}},{"start":{},"end":{}}],"line":187},"24":{"loc":{"start":{"line":213,"column":4},"end":{"line":217,"column":5}},"type":"if","locations":[{"start":{"line":213,"column":4},"end":{"line":217,"column":5}},{"start":{},"end":{}}],"line":213},"25":{"loc":{"start":{"line":239,"column":4},"end":{"line":243,"column":5}},"type":"if","locations":[{"start":{"line":239,"column":4},"end":{"line":243,"column":5}},{"start":{},"end":{}}],"line":239}},"s":{"0":4,"1":9,"2":0,"3":9,"4":9,"5":4,"6":4,"7":9,"8":9,"9":1,"10":9,"11":1,"12":9,"13":1,"14":9,"15":2,"16":9,"17":5,"18":5,"19":5,"20":4,"21":10,"22":1,"23":1,"24":1,"25":9,"26":9,"27":9,"28":9,"29":8,"30":1,"31":1,"32":1,"33":7,"34":7,"35":3,"36":1,"37":1,"38":1,"39":2,"40":2,"41":0,"42":0,"43":0,"44":0,"45":0,"46":0,"47":0,"48":0,"49":0,"50":0,"51":0,"52":0,"53":1,"54":1,"55":1,"56":1,"57":0,"58":0,"59":1,"60":1,"61":1,"62":1,"63":0,"64":0,"65":1,"66":1,"67":1,"68":1,"69":0,"70":0,"71":1,"72":1,"73":1,"74":1,"75":0,"76":0,"77":0,"78":3,"79":1,"80":1,"81":1,"82":2,"83":4,"84":9,"85":9,"86":4,"87":2,"88":7,"89":4,"90":3,"91":3,"92":3,"93":3,"94":2,"95":2,"96":2,"97":1,"98":2,"99":4,"100":10,"101":10,"102":10,"103":2,"104":2,"105":1,"106":1,"107":1,"108":1,"109":9,"110":4,"111":2,"112":2,"113":2,"114":2,"115":1,"116":1,"117":1,"118":1,"119":1},"f":{"0":9,"1":9,"2":10,"3":9,"4":3,"5":10,"6":2},"b":{"0":[0,9],"1":[1,8],"2":[1,8],"3":[9,8],"4":[1,8],"5":[9,9,9],"6":[2,7],"7":[5,4],"8":[1,9],"9":[10,10,10],"10":[1,7],"11":[3,0,0,1,1,1,1,0],"12":[1,2],"13":[3,3],"14":[0,0],"15":[0,0],"16":[0,0],"17":[1,0],"18":[1,0],"19":[1,0],"20":[1,1],"21":[1,0],"22":[1,2],"23":[2,1],"24":[1,1],"25":[1,1]},"inputSourceMap":null,"_coverageSchema":"1a1c01bbd47fc00a2c39e90264f33305004495a9","hash":"e9c0dfca931b50276a366c92b01dbbd156fe2b68"}
,"/home/ntoylker/Desktop/ONLYVIBES/onlyvibes-backend/src/controllers/authController.js": {"path":"/home/ntoylker/Desktop/ONLYVIBES/onlyvibes-backend/src/controllers/authController.js","statementMap":{"0":{"start":{"line":10,"column":2},"end":{"line":60,"column":3}},"1":{"start":{"line":11,"column":42},"end":{"line":11,"column":50}},"2":{"start":{"line":14,"column":4},"end":{"line":18,"column":5}},"3":{"start":{"line":15,"column":6},"end":{"line":17,"column":73}},"4":{"start":{"line":21,"column":21},"end":{"line":21,"column":53}},"5":{"start":{"line":22,"column":4},"end":{"line":24,"column":5}},"6":{"start":{"line":23,"column":6},"end":{"line":23,"column":71}},"7":{"start":{"line":27,"column":27},"end":{"line":27,"column":58}},"8":{"start":{"line":30,"column":20},"end":{"line":35,"column":6}},"9":{"start":{"line":38,"column":18},"end":{"line":46,"column":5}},"10":{"start":{"line":48,"column":4},"end":{"line":57,"column":7}},"11":{"start":{"line":59,"column":4},"end":{"line":59,"column":21}},"12":{"start":{"line":67,"column":2},"end":{"line":102,"column":3}},"13":{"start":{"line":68,"column":32},"end":{"line":68,"column":40}},"14":{"start":{"line":70,"column":20},"end":{"line":70,"column":52}},"15":{"start":{"line":71,"column":4},"end":{"line":73,"column":5}},"16":{"start":{"line":72,"column":6},"end":{"line":72,"column":70}},"17":{"start":{"line":75,"column":26},"end":{"line":75,"column":74}},"18":{"start":{"line":76,"column":4},"end":{"line":78,"column":5}},"19":{"start":{"line":77,"column":6},"end":{"line":77,"column":70}},"20":{"start":{"line":80,"column":18},"end":{"line":88,"column":5}},"21":{"start":{"line":90,"column":4},"end":{"line":99,"column":7}},"22":{"start":{"line":101,"column":4},"end":{"line":101,"column":21}}},"fnMap":{"0":{"name":"signup","decl":{"start":{"line":9,"column":22},"end":{"line":9,"column":28}},"loc":{"start":{"line":9,"column":45},"end":{"line":61,"column":1}},"line":9},"1":{"name":"login","decl":{"start":{"line":66,"column":22},"end":{"line":66,"column":27}},"loc":{"start":{"line":66,"column":44},"end":{"line":103,"column":1}},"line":66}},"branchMap":{"0":{"loc":{"start":{"line":14,"column":4},"end":{"line":18,"column":5}},"type":"if","locations":[{"start":{"line":14,"column":4},"end":{"line":18,"column":5}},{"start":{},"end":{}}],"line":14},"1":{"loc":{"start":{"line":14,"column":8},"end":{"line":14,"column":40}},"type":"binary-expr","locations":[{"start":{"line":14,"column":8},"end":{"line":14,"column":17}},{"start":{"line":14,"column":21},"end":{"line":14,"column":27}},{"start":{"line":14,"column":31},"end":{"line":14,"column":40}}],"line":14},"2":{"loc":{"start":{"line":22,"column":4},"end":{"line":24,"column":5}},"type":"if","locations":[{"start":{"line":22,"column":4},"end":{"line":24,"column":5}},{"start":{},"end":{}}],"line":22},"3":{"loc":{"start":{"line":71,"column":4},"end":{"line":73,"column":5}},"type":"if","locations":[{"start":{"line":71,"column":4},"end":{"line":73,"column":5}},{"start":{},"end":{}}],"line":71},"4":{"loc":{"start":{"line":76,"column":4},"end":{"line":78,"column":5}},"type":"if","locations":[{"start":{"line":76,"column":4},"end":{"line":78,"column":5}},{"start":{},"end":{}}],"line":76}},"s":{"0":3,"1":3,"2":3,"3":1,"4":2,"5":2,"6":1,"7":1,"8":1,"9":1,"10":1,"11":0,"12":2,"13":2,"14":2,"15":2,"16":0,"17":2,"18":2,"19":1,"20":1,"21":1,"22":0},"f":{"0":3,"1":2},"b":{"0":[1,2],"1":[3,3,3],"2":[1,1],"3":[0,2],"4":[1,1]},"inputSourceMap":null,"_coverageSchema":"1a1c01bbd47fc00a2c39e90264f33305004495a9","hash":"31cca147ca5ea73238d9cf6e91e291b92370d22e"}
,"/home/ntoylker/Desktop/ONLYVIBES/onlyvibes-backend/src/controllers/eventController.js": {"path":"/home/ntoylker/Desktop/ONLYVIBES/onlyvibes-backend/src/controllers/eventController.js","statementMap":{"0":{"start":{"line":12,"column":32},"end":{"line":16,"column":1}},"1":{"start":{"line":13,"column":2},"end":{"line":15,"column":3}},"2":{"start":{"line":14,"column":4},"end":{"line":14,"column":47}},"3":{"start":{"line":18,"column":32},"end":{"line":20,"column":1}},"4":{"start":{"line":19,"column":2},"end":{"line":19,"column":47}},"5":{"start":{"line":22,"column":28},"end":{"line":29,"column":2}},"6":{"start":{"line":31,"column":24},"end":{"line":35,"column":1}},"7":{"start":{"line":32,"column":14},"end":{"line":32,"column":32}},"8":{"start":{"line":33,"column":2},"end":{"line":33,"column":23}},"9":{"start":{"line":34,"column":2},"end":{"line":34,"column":13}},"10":{"start":{"line":37,"column":24},"end":{"line":38,"column":69}},"11":{"start":{"line":38,"column":2},"end":{"line":38,"column":69}},"12":{"start":{"line":43,"column":21},"end":{"line":48,"column":1}},"13":{"start":{"line":44,"column":2},"end":{"line":46,"column":3}},"14":{"start":{"line":45,"column":4},"end":{"line":45,"column":46}},"15":{"start":{"line":47,"column":2},"end":{"line":47,"column":15}},"16":{"start":{"line":50,"column":29},"end":{"line":150,"column":1}},"17":{"start":{"line":51,"column":2},"end":{"line":53,"column":3}},"18":{"start":{"line":52,"column":4},"end":{"line":52,"column":65}},"19":{"start":{"line":55,"column":20},"end":{"line":55,"column":22}},"20":{"start":{"line":56,"column":16},"end":{"line":56,"column":21}},"21":{"start":{"line":58,"column":2},"end":{"line":141,"column":3}},"22":{"start":{"line":59,"column":4},"end":{"line":61,"column":5}},"23":{"start":{"line":60,"column":6},"end":{"line":60,"column":65}},"24":{"start":{"line":63,"column":4},"end":{"line":63,"column":19}},"25":{"start":{"line":65,"column":4},"end":{"line":140,"column":5}},"26":{"start":{"line":67,"column":8},"end":{"line":71,"column":9}},"27":{"start":{"line":68,"column":10},"end":{"line":70,"column":12}},"28":{"start":{"line":72,"column":8},"end":{"line":72,"column":39}},"29":{"start":{"line":73,"column":8},"end":{"line":73,"column":14}},"30":{"start":{"line":76,"column":8},"end":{"line":82,"column":9}},"31":{"start":{"line":81,"column":10},"end":{"line":81,"column":65}},"32":{"start":{"line":83,"column":8},"end":{"line":83,"column":44}},"33":{"start":{"line":84,"column":8},"end":{"line":84,"column":14}},"34":{"start":{"line":88,"column":23},"end":{"line":88,"column":28}},"35":{"start":{"line":90,"column":8},"end":{"line":95,"column":9}},"36":{"start":{"line":91,"column":10},"end":{"line":94,"column":29}},"37":{"start":{"line":93,"column":24},"end":{"line":93,"column":32}},"38":{"start":{"line":97,"column":8},"end":{"line":105,"column":9}},"39":{"start":{"line":100,"column":33},"end":{"line":100,"column":70}},"40":{"start":{"line":102,"column":10},"end":{"line":104,"column":12}},"41":{"start":{"line":107,"column":8},"end":{"line":107,"column":38}},"42":{"start":{"line":108,"column":8},"end":{"line":108,"column":14}},"43":{"start":{"line":111,"column":21},"end":{"line":111,"column":36}},"44":{"start":{"line":112,"column":8},"end":{"line":114,"column":9}},"45":{"start":{"line":113,"column":10},"end":{"line":113,"column":77}},"46":{"start":{"line":115,"column":8},"end":{"line":115,"column":34}},"47":{"start":{"line":116,"column":8},"end":{"line":116,"column":14}},"48":{"start":{"line":119,"column":8},"end":{"line":123,"column":9}},"49":{"start":{"line":120,"column":10},"end":{"line":122,"column":12}},"50":{"start":{"line":124,"column":8},"end":{"line":124,"column":42}},"51":{"start":{"line":125,"column":8},"end":{"line":125,"column":14}},"52":{"start":{"line":128,"column":8},"end":{"line":134,"column":9}},"53":{"start":{"line":133,"column":10},"end":{"line":133,"column":62}},"54":{"start":{"line":135,"column":8},"end":{"line":135,"column":43}},"55":{"start":{"line":136,"column":8},"end":{"line":136,"column":14}},"56":{"start":{"line":139,"column":8},"end":{"line":139,"column":14}},"57":{"start":{"line":143,"column":2},"end":{"line":145,"column":3}},"58":{"start":{"line":144,"column":4},"end":{"line":144,"column":76}},"59":{"start":{"line":147,"column":2},"end":{"line":147,"column":80}},"60":{"start":{"line":149,"column":2},"end":{"line":149,"column":19}},"61":{"start":{"line":155,"column":26},"end":{"line":188,"column":1}},"62":{"start":{"line":156,"column":2},"end":{"line":187,"column":3}},"63":{"start":{"line":157,"column":35},"end":{"line":157,"column":44}},"64":{"start":{"line":159,"column":4},"end":{"line":161,"column":7}},"65":{"start":{"line":163,"column":19},"end":{"line":163,"column":66}},"66":{"start":{"line":165,"column":18},"end":{"line":165,"column":36}},"67":{"start":{"line":166,"column":4},"end":{"line":171,"column":5}},"68":{"start":{"line":167,"column":6},"end":{"line":170,"column":31}},"69":{"start":{"line":173,"column":4},"end":{"line":176,"column":7}},"70":{"start":{"line":178,"column":4},"end":{"line":183,"column":7}},"71":{"start":{"line":185,"column":4},"end":{"line":185,"column":56}},"72":{"start":{"line":186,"column":4},"end":{"line":186,"column":23}},"73":{"start":{"line":193,"column":28},"end":{"line":223,"column":1}},"74":{"start":{"line":194,"column":2},"end":{"line":222,"column":3}},"75":{"start":{"line":195,"column":4},"end":{"line":197,"column":7}},"76":{"start":{"line":199,"column":20},"end":{"line":199,"column":47}},"77":{"start":{"line":201,"column":18},"end":{"line":201,"column":52}},"78":{"start":{"line":202,"column":4},"end":{"line":206,"column":5}},"79":{"start":{"line":203,"column":18},"end":{"line":203,"column":46}},"80":{"start":{"line":204,"column":6},"end":{"line":204,"column":27}},"81":{"start":{"line":205,"column":6},"end":{"line":205,"column":16}},"82":{"start":{"line":208,"column":4},"end":{"line":211,"column":7}},"83":{"start":{"line":213,"column":4},"end":{"line":218,"column":7}},"84":{"start":{"line":220,"column":4},"end":{"line":220,"column":58}},"85":{"start":{"line":221,"column":4},"end":{"line":221,"column":23}},"86":{"start":{"line":228,"column":27},"end":{"line":261,"column":1}},"87":{"start":{"line":229,"column":2},"end":{"line":260,"column":3}},"88":{"start":{"line":230,"column":4},"end":{"line":232,"column":7}},"89":{"start":{"line":235,"column":22},"end":{"line":235,"column":56}},"90":{"start":{"line":237,"column":4},"end":{"line":239,"column":5}},"91":{"start":{"line":238,"column":6},"end":{"line":238,"column":62}},"92":{"start":{"line":241,"column":18},"end":{"line":244,"column":6}},"93":{"start":{"line":246,"column":4},"end":{"line":249,"column":7}},"94":{"start":{"line":251,"column":4},"end":{"line":256,"column":7}},"95":{"start":{"line":258,"column":4},"end":{"line":258,"column":57}},"96":{"start":{"line":259,"column":4},"end":{"line":259,"column":23}},"97":{"start":{"line":266,"column":27},"end":{"line":298,"column":1}},"98":{"start":{"line":267,"column":2},"end":{"line":297,"column":3}},"99":{"start":{"line":268,"column":4},"end":{"line":271,"column":7}},"100":{"start":{"line":273,"column":20},"end":{"line":273,"column":47}},"101":{"start":{"line":274,"column":29},"end":{"line":274,"column":59}},"102":{"start":{"line":276,"column":20},"end":{"line":276,"column":71}},"103":{"start":{"line":277,"column":4},"end":{"line":281,"column":5}},"104":{"start":{"line":278,"column":18},"end":{"line":278,"column":46}},"105":{"start":{"line":279,"column":6},"end":{"line":279,"column":27}},"106":{"start":{"line":280,"column":6},"end":{"line":280,"column":16}},"107":{"start":{"line":283,"column":4},"end":{"line":286,"column":7}},"108":{"start":{"line":288,"column":4},"end":{"line":293,"column":7}},"109":{"start":{"line":295,"column":4},"end":{"line":295,"column":57}},"110":{"start":{"line":296,"column":4},"end":{"line":296,"column":23}},"111":{"start":{"line":303,"column":27},"end":{"line":332,"column":1}},"112":{"start":{"line":304,"column":2},"end":{"line":331,"column":3}},"113":{"start":{"line":305,"column":4},"end":{"line":307,"column":7}},"114":{"start":{"line":309,"column":20},"end":{"line":309,"column":47}},"115":{"start":{"line":311,"column":20},"end":{"line":311,"column":53}},"116":{"start":{"line":312,"column":4},"end":{"line":316,"column":5}},"117":{"start":{"line":313,"column":18},"end":{"line":313,"column":46}},"118":{"start":{"line":314,"column":6},"end":{"line":314,"column":27}},"119":{"start":{"line":315,"column":6},"end":{"line":315,"column":16}},"120":{"start":{"line":318,"column":4},"end":{"line":320,"column":7}},"121":{"start":{"line":322,"column":4},"end":{"line":327,"column":7}},"122":{"start":{"line":329,"column":4},"end":{"line":329,"column":57}},"123":{"start":{"line":330,"column":4},"end":{"line":330,"column":23}},"124":{"start":{"line":338,"column":31},"end":{"line":371,"column":1}},"125":{"start":{"line":339,"column":2},"end":{"line":370,"column":3}},"126":{"start":{"line":340,"column":4},"end":{"line":342,"column":7}},"127":{"start":{"line":344,"column":23},"end":{"line":344,"column":33}},"128":{"start":{"line":345,"column":4},"end":{"line":347,"column":5}},"129":{"start":{"line":346,"column":6},"end":{"line":346,"column":61}},"130":{"start":{"line":349,"column":24},"end":{"line":349,"column":72}},"131":{"start":{"line":352,"column":6},"end":{"line":354,"column":34}},"132":{"start":{"line":356,"column":4},"end":{"line":359,"column":7}},"133":{"start":{"line":361,"column":4},"end":{"line":366,"column":7}},"134":{"start":{"line":368,"column":4},"end":{"line":368,"column":61}},"135":{"start":{"line":369,"column":4},"end":{"line":369,"column":23}}},"fnMap":{"0":{"name":"(anonymous_0)","decl":{"start":{"line":12,"column":32},"end":{"line":12,"column":33}},"loc":{"start":{"line":12,"column":45},"end":{"line":16,"column":1}},"line":12},"1":{"name":"(anonymous_1)","decl":{"start":{"line":18,"column":32},"end":{"line":18,"column":33}},"loc":{"start":{"line":18,"column":45},"end":{"line":20,"column":1}},"line":18},"2":{"name":"(anonymous_2)","decl":{"start":{"line":31,"column":24},"end":{"line":31,"column":25}},"loc":{"start":{"line":31,"column":37},"end":{"line":35,"column":1}},"line":31},"3":{"name":"(anonymous_3)","decl":{"start":{"line":37,"column":24},"end":{"line":37,"column":25}},"loc":{"start":{"line":38,"column":2},"end":{"line":38,"column":69}},"line":38},"4":{"name":"(anonymous_4)","decl":{"start":{"line":43,"column":21},"end":{"line":43,"column":22}},"loc":{"start":{"line":43,"column":32},"end":{"line":48,"column":1}},"line":43},"5":{"name":"(anonymous_5)","decl":{"start":{"line":50,"column":29},"end":{"line":50,"column":30}},"loc":{"start":{"line":50,"column":47},"end":{"line":150,"column":1}},"line":50},"6":{"name":"(anonymous_6)","decl":{"start":{"line":93,"column":17},"end":{"line":93,"column":18}},"loc":{"start":{"line":93,"column":24},"end":{"line":93,"column":32}},"line":93},"7":{"name":"(anonymous_7)","decl":{"start":{"line":100,"column":26},"end":{"line":100,"column":27}},"loc":{"start":{"line":100,"column":33},"end":{"line":100,"column":70}},"line":100},"8":{"name":"(anonymous_8)","decl":{"start":{"line":155,"column":26},"end":{"line":155,"column":27}},"loc":{"start":{"line":155,"column":52},"end":{"line":188,"column":1}},"line":155},"9":{"name":"(anonymous_9)","decl":{"start":{"line":193,"column":28},"end":{"line":193,"column":29}},"loc":{"start":{"line":193,"column":54},"end":{"line":223,"column":1}},"line":193},"10":{"name":"(anonymous_10)","decl":{"start":{"line":228,"column":27},"end":{"line":228,"column":28}},"loc":{"start":{"line":228,"column":53},"end":{"line":261,"column":1}},"line":228},"11":{"name":"(anonymous_11)","decl":{"start":{"line":266,"column":27},"end":{"line":266,"column":28}},"loc":{"start":{"line":266,"column":53},"end":{"line":298,"column":1}},"line":266},"12":{"name":"(anonymous_12)","decl":{"start":{"line":303,"column":27},"end":{"line":303,"column":28}},"loc":{"start":{"line":303,"column":53},"end":{"line":332,"column":1}},"line":303},"13":{"name":"(anonymous_13)","decl":{"start":{"line":338,"column":31},"end":{"line":338,"column":32}},"loc":{"start":{"line":338,"column":57},"end":{"line":371,"column":1}},"line":338}},"branchMap":{"0":{"loc":{"start":{"line":13,"column":2},"end":{"line":15,"column":3}},"type":"if","locations":[{"start":{"line":13,"column":2},"end":{"line":15,"column":3}},{"start":{},"end":{}}],"line":13},"1":{"loc":{"start":{"line":13,"column":6},"end":{"line":13,"column":73}},"type":"binary-expr","locations":[{"start":{"line":13,"column":6},"end":{"line":13,"column":41}},{"start":{"line":13,"column":45},"end":{"line":13,"column":73}}],"line":13},"2":{"loc":{"start":{"line":38,"column":2},"end":{"line":38,"column":69}},"type":"binary-expr","locations":[{"start":{"line":38,"column":2},"end":{"line":38,"column":27}},{"start":{"line":38,"column":31},"end":{"line":38,"column":69}}],"line":38},"3":{"loc":{"start":{"line":44,"column":2},"end":{"line":46,"column":3}},"type":"if","locations":[{"start":{"line":44,"column":2},"end":{"line":46,"column":3}},{"start":{},"end":{}}],"line":44},"4":{"loc":{"start":{"line":50,"column":30},"end":{"line":50,"column":42}},"type":"default-arg","locations":[{"start":{"line":50,"column":40},"end":{"line":50,"column":42}}],"line":50},"5":{"loc":{"start":{"line":51,"column":2},"end":{"line":53,"column":3}},"type":"if","locations":[{"start":{"line":51,"column":2},"end":{"line":53,"column":3}},{"start":{},"end":{}}],"line":51},"6":{"loc":{"start":{"line":51,"column":6},"end":{"line":51,"column":45}},"type":"binary-expr","locations":[{"start":{"line":51,"column":6},"end":{"line":51,"column":14}},{"start":{"line":51,"column":18},"end":{"line":51,"column":45}}],"line":51},"7":{"loc":{"start":{"line":59,"column":4},"end":{"line":61,"column":5}},"type":"if","locations":[{"start":{"line":59,"column":4},"end":{"line":61,"column":5}},{"start":{},"end":{}}],"line":59},"8":{"loc":{"start":{"line":65,"column":4},"end":{"line":140,"column":5}},"type":"switch","locations":[{"start":{"line":66,"column":6},"end":{"line":74,"column":7}},{"start":{"line":75,"column":6},"end":{"line":85,"column":7}},{"start":{"line":86,"column":6},"end":{"line":109,"column":7}},{"start":{"line":110,"column":6},"end":{"line":117,"column":7}},{"start":{"line":118,"column":6},"end":{"line":126,"column":7}},{"start":{"line":127,"column":6},"end":{"line":137,"column":7}},{"start":{"line":138,"column":6},"end":{"line":139,"column":14}}],"line":65},"9":{"loc":{"start":{"line":67,"column":8},"end":{"line":71,"column":9}},"type":"if","locations":[{"start":{"line":67,"column":8},"end":{"line":71,"column":9}},{"start":{},"end":{}}],"line":67},"10":{"loc":{"start":{"line":67,"column":12},"end":{"line":67,"column":64}},"type":"binary-expr","locations":[{"start":{"line":67,"column":12},"end":{"line":67,"column":37}},{"start":{"line":67,"column":41},"end":{"line":67,"column":64}}],"line":67},"11":{"loc":{"start":{"line":76,"column":8},"end":{"line":82,"column":9}},"type":"if","locations":[{"start":{"line":76,"column":8},"end":{"line":82,"column":9}},{"start":{},"end":{}}],"line":76},"12":{"loc":{"start":{"line":77,"column":10},"end":{"line":79,"column":35}},"type":"binary-expr","locations":[{"start":{"line":77,"column":10},"end":{"line":77,"column":29}},{"start":{"line":78,"column":10},"end":{"line":78,"column":24}},{"start":{"line":79,"column":10},"end":{"line":79,"column":35}}],"line":77},"13":{"loc":{"start":{"line":83,"column":32},"end":{"line":83,"column":43}},"type":"binary-expr","locations":[{"start":{"line":83,"column":32},"end":{"line":83,"column":37}},{"start":{"line":83,"column":41},"end":{"line":83,"column":43}}],"line":83},"14":{"loc":{"start":{"line":90,"column":8},"end":{"line":95,"column":9}},"type":"if","locations":[{"start":{"line":90,"column":8},"end":{"line":95,"column":9}},{"start":{},"end":{}}],"line":90},"15":{"loc":{"start":{"line":97,"column":8},"end":{"line":105,"column":9}},"type":"if","locations":[{"start":{"line":97,"column":8},"end":{"line":105,"column":9}},{"start":{},"end":{}}],"line":97},"16":{"loc":{"start":{"line":98,"column":10},"end":{"line":100,"column":71}},"type":"binary-expr","locations":[{"start":{"line":98,"column":10},"end":{"line":98,"column":34}},{"start":{"line":99,"column":10},"end":{"line":99,"column":31}},{"start":{"line":100,"column":10},"end":{"line":100,"column":71}}],"line":98},"17":{"loc":{"start":{"line":100,"column":33},"end":{"line":100,"column":70}},"type":"binary-expr","locations":[{"start":{"line":100,"column":33},"end":{"line":100,"column":54}},{"start":{"line":100,"column":58},"end":{"line":100,"column":70}}],"line":100},"18":{"loc":{"start":{"line":112,"column":8},"end":{"line":114,"column":9}},"type":"if","locations":[{"start":{"line":112,"column":8},"end":{"line":114,"column":9}},{"start":{},"end":{}}],"line":112},"19":{"loc":{"start":{"line":119,"column":8},"end":{"line":123,"column":9}},"type":"if","locations":[{"start":{"line":119,"column":8},"end":{"line":123,"column":9}},{"start":{},"end":{}}],"line":119},"20":{"loc":{"start":{"line":119,"column":12},"end":{"line":119,"column":64}},"type":"binary-expr","locations":[{"start":{"line":119,"column":12},"end":{"line":119,"column":37}},{"start":{"line":119,"column":41},"end":{"line":119,"column":64}}],"line":119},"21":{"loc":{"start":{"line":128,"column":8},"end":{"line":134,"column":9}},"type":"if","locations":[{"start":{"line":128,"column":8},"end":{"line":134,"column":9}},{"start":{},"end":{}}],"line":128},"22":{"loc":{"start":{"line":129,"column":10},"end":{"line":131,"column":35}},"type":"binary-expr","locations":[{"start":{"line":129,"column":10},"end":{"line":129,"column":29}},{"start":{"line":130,"column":10},"end":{"line":130,"column":24}},{"start":{"line":131,"column":10},"end":{"line":131,"column":35}}],"line":129},"23":{"loc":{"start":{"line":135,"column":29},"end":{"line":135,"column":42}},"type":"binary-expr","locations":[{"start":{"line":135,"column":29},"end":{"line":135,"column":34}},{"start":{"line":135,"column":38},"end":{"line":135,"column":42}}],"line":135},"24":{"loc":{"start":{"line":143,"column":2},"end":{"line":145,"column":3}},"type":"if","locations":[{"start":{"line":143,"column":2},"end":{"line":145,"column":3}},{"start":{},"end":{}}],"line":143},"25":{"loc":{"start":{"line":166,"column":4},"end":{"line":171,"column":5}},"type":"if","locations":[{"start":{"line":166,"column":4},"end":{"line":171,"column":5}},{"start":{},"end":{}}],"line":166},"26":{"loc":{"start":{"line":168,"column":8},"end":{"line":170,"column":30}},"type":"cond-expr","locations":[{"start":{"line":169,"column":12},"end":{"line":169,"column":58}},{"start":{"line":170,"column":12},"end":{"line":170,"column":30}}],"line":168},"27":{"loc":{"start":{"line":168,"column":8},"end":{"line":168,"column":28}},"type":"binary-expr","locations":[{"start":{"line":168,"column":8},"end":{"line":168,"column":16}},{"start":{"line":168,"column":20},"end":{"line":168,"column":28}}],"line":168},"28":{"loc":{"start":{"line":202,"column":4},"end":{"line":206,"column":5}},"type":"if","locations":[{"start":{"line":202,"column":4},"end":{"line":206,"column":5}},{"start":{},"end":{}}],"line":202},"29":{"loc":{"start":{"line":235,"column":22},"end":{"line":235,"column":56}},"type":"binary-expr","locations":[{"start":{"line":235,"column":22},"end":{"line":235,"column":34}},{"start":{"line":235,"column":38},"end":{"line":235,"column":56}}],"line":235},"30":{"loc":{"start":{"line":237,"column":4},"end":{"line":239,"column":5}},"type":"if","locations":[{"start":{"line":237,"column":4},"end":{"line":239,"column":5}},{"start":{},"end":{}}],"line":237},"31":{"loc":{"start":{"line":237,"column":8},"end":{"line":237,"column":49}},"type":"binary-expr","locations":[{"start":{"line":237,"column":8},"end":{"line":237,"column":18}},{"start":{"line":237,"column":22},"end":{"line":237,"column":49}}],"line":237},"32":{"loc":{"start":{"line":277,"column":4},"end":{"line":281,"column":5}},"type":"if","locations":[{"start":{"line":277,"column":4},"end":{"line":281,"column":5}},{"start":{},"end":{}}],"line":277},"33":{"loc":{"start":{"line":312,"column":4},"end":{"line":316,"column":5}},"type":"if","locations":[{"start":{"line":312,"column":4},"end":{"line":316,"column":5}},{"start":{},"end":{}}],"line":312},"34":{"loc":{"start":{"line":345,"column":4},"end":{"line":347,"column":5}},"type":"if","locations":[{"start":{"line":345,"column":4},"end":{"line":347,"column":5}},{"start":{},"end":{}}],"line":345},"35":{"loc":{"start":{"line":345,"column":8},"end":{"line":345,"column":45}},"type":"binary-expr","locations":[{"start":{"line":345,"column":8},"end":{"line":345,"column":15}},{"start":{"line":345,"column":19},"end":{"line":345,"column":45}}],"line":345},"36":{"loc":{"start":{"line":352,"column":6},"end":{"line":354,"column":34}},"type":"cond-expr","locations":[{"start":{"line":353,"column":10},"end":{"line":353,"column":45}},{"start":{"line":354,"column":10},"end":{"line":354,"column":34}}],"line":352}},"s":{"0":4,"1":54,"2":0,"3":4,"4":15,"5":4,"6":4,"7":10,"8":10,"9":10,"10":4,"11":23,"12":4,"13":17,"14":3,"15":14,"16":4,"17":10,"18":0,"19":10,"20":10,"21":10,"22":11,"23":1,"24":10,"25":10,"26":2,"27":0,"28":2,"29":2,"30":2,"31":1,"32":1,"33":1,"34":2,"35":2,"36":1,"37":3,"38":2,"39":5,"40":0,"41":2,"42":2,"43":2,"44":2,"45":1,"46":1,"47":1,"48":1,"49":0,"50":1,"51":1,"52":1,"53":1,"54":0,"55":0,"56":0,"57":6,"58":1,"59":5,"60":5,"61":4,"62":7,"63":7,"64":7,"65":7,"66":7,"67":7,"68":3,"69":7,"70":7,"71":0,"72":0,"73":4,"74":3,"75":3,"76":3,"77":2,"78":2,"79":1,"80":1,"81":1,"82":1,"83":1,"84":2,"85":2,"86":4,"87":7,"88":7,"89":7,"90":7,"91":2,"92":5,"93":3,"94":3,"95":4,"96":4,"97":4,"98":11,"99":11,"100":11,"101":10,"102":5,"103":5,"104":1,"105":1,"106":1,"107":4,"108":4,"109":7,"110":7,"111":4,"112":3,"113":3,"114":3,"115":2,"116":2,"117":1,"118":1,"119":1,"120":1,"121":1,"122":2,"123":2,"124":4,"125":1,"126":1,"127":1,"128":1,"129":0,"130":1,"131":1,"132":1,"133":1,"134":0,"135":0},"f":{"0":54,"1":15,"2":10,"3":23,"4":17,"5":10,"6":3,"7":5,"8":7,"9":3,"10":7,"11":11,"12":3,"13":1},"b":{"0":[0,54],"1":[54,54],"2":[23,23],"3":[3,14],"4":[0],"5":[0,10],"6":[10,10],"7":[1,10],"8":[2,2,2,2,1,1,0],"9":[0,2],"10":[2,2],"11":[1,1],"12":[2,2,1],"13":[1,1],"14":[1,1],"15":[0,2],"16":[2,2,2],"17":[5,5],"18":[1,1],"19":[0,1],"20":[1,1],"21":[1,0],"22":[1,1,1],"23":[0,0],"24":[1,5],"25":[3,4],"26":[2,1],"27":[3,2],"28":[1,1],"29":[7,7],"30":[2,5],"31":[7,6],"32":[1,4],"33":[1,1],"34":[0,1],"35":[1,1],"36":[1,0]},"inputSourceMap":null,"_coverageSchema":"1a1c01bbd47fc00a2c39e90264f33305004495a9","hash":"8c8b7207a5b9f5a960e7bf0690e1055444fbbd30"}
,"/home/ntoylker/Desktop/ONLYVIBES/onlyvibes-backend/src/controllers/reviewController.js": {"path":"/home/ntoylker/Desktop/ONLYVIBES/onlyvibes-backend/src/controllers/reviewController.js","statementMap":{"0":{"start":{"line":14,"column":24},"end":{"line":15,"column":69}},"1":{"start":{"line":15,"column":2},"end":{"line":15,"column":69}},"2":{"start":{"line":17,"column":22},"end":{"line":24,"column":1}},"3":{"start":{"line":18,"column":2},"end":{"line":22,"column":3}},"4":{"start":{"line":19,"column":16},"end":{"line":19,"column":45}},"5":{"start":{"line":20,"column":4},"end":{"line":20,"column":25}},"6":{"start":{"line":21,"column":4},"end":{"line":21,"column":14}},"7":{"start":{"line":23,"column":2},"end":{"line":23,"column":15}},"8":{"start":{"line":26,"column":26},"end":{"line":34,"column":1}},"9":{"start":{"line":27,"column":16},"end":{"line":27,"column":55}},"10":{"start":{"line":28,"column":2},"end":{"line":32,"column":3}},"11":{"start":{"line":29,"column":16},"end":{"line":29,"column":44}},"12":{"start":{"line":30,"column":4},"end":{"line":30,"column":25}},"13":{"start":{"line":31,"column":4},"end":{"line":31,"column":14}},"14":{"start":{"line":33,"column":2},"end":{"line":33,"column":15}},"15":{"start":{"line":36,"column":23},"end":{"line":42,"column":1}},"16":{"start":{"line":37,"column":2},"end":{"line":41,"column":3}},"17":{"start":{"line":38,"column":16},"end":{"line":38,"column":59}},"18":{"start":{"line":39,"column":4},"end":{"line":39,"column":25}},"19":{"start":{"line":40,"column":4},"end":{"line":40,"column":14}},"20":{"start":{"line":47,"column":32},"end":{"line":65,"column":1}},"21":{"start":{"line":48,"column":2},"end":{"line":64,"column":3}},"22":{"start":{"line":49,"column":20},"end":{"line":49,"column":65}},"23":{"start":{"line":50,"column":4},"end":{"line":50,"column":37}},"24":{"start":{"line":51,"column":20},"end":{"line":51,"column":61}},"25":{"start":{"line":53,"column":4},"end":{"line":61,"column":7}},"26":{"start":{"line":63,"column":4},"end":{"line":63,"column":23}},"27":{"start":{"line":70,"column":25},"end":{"line":92,"column":1}},"28":{"start":{"line":71,"column":2},"end":{"line":91,"column":3}},"29":{"start":{"line":72,"column":20},"end":{"line":72,"column":65}},"30":{"start":{"line":73,"column":21},"end":{"line":73,"column":68}},"31":{"start":{"line":74,"column":4},"end":{"line":74,"column":37}},"32":{"start":{"line":76,"column":19},"end":{"line":76,"column":64}},"33":{"start":{"line":77,"column":4},"end":{"line":81,"column":5}},"34":{"start":{"line":78,"column":18},"end":{"line":78,"column":47}},"35":{"start":{"line":79,"column":6},"end":{"line":79,"column":27}},"36":{"start":{"line":80,"column":6},"end":{"line":80,"column":16}},"37":{"start":{"line":83,"column":4},"end":{"line":88,"column":7}},"38":{"start":{"line":90,"column":4},"end":{"line":90,"column":23}},"39":{"start":{"line":97,"column":28},"end":{"line":138,"column":1}},"40":{"start":{"line":98,"column":2},"end":{"line":137,"column":3}},"41":{"start":{"line":99,"column":20},"end":{"line":99,"column":65}},"42":{"start":{"line":100,"column":54},"end":{"line":100,"column":62}},"43":{"start":{"line":102,"column":4},"end":{"line":102,"column":37}},"44":{"start":{"line":104,"column":4},"end":{"line":108,"column":5}},"45":{"start":{"line":105,"column":18},"end":{"line":105,"column":60}},"46":{"start":{"line":106,"column":6},"end":{"line":106,"column":27}},"47":{"start":{"line":107,"column":6},"end":{"line":107,"column":16}},"48":{"start":{"line":110,"column":4},"end":{"line":110,"column":35}},"49":{"start":{"line":112,"column":27},"end":{"line":115,"column":5}},"50":{"start":{"line":116,"column":4},"end":{"line":120,"column":5}},"51":{"start":{"line":117,"column":18},"end":{"line":117,"column":79}},"52":{"start":{"line":118,"column":6},"end":{"line":118,"column":27}},"53":{"start":{"line":119,"column":6},"end":{"line":119,"column":16}},"54":{"start":{"line":122,"column":19},"end":{"line":127,"column":6}},"55":{"start":{"line":129,"column":4},"end":{"line":134,"column":7}},"56":{"start":{"line":136,"column":4},"end":{"line":136,"column":23}},"57":{"start":{"line":143,"column":28},"end":{"line":176,"column":1}},"58":{"start":{"line":144,"column":2},"end":{"line":175,"column":3}},"59":{"start":{"line":145,"column":20},"end":{"line":145,"column":65}},"60":{"start":{"line":146,"column":21},"end":{"line":146,"column":68}},"61":{"start":{"line":147,"column":43},"end":{"line":147,"column":51}},"62":{"start":{"line":149,"column":4},"end":{"line":149,"column":37}},"63":{"start":{"line":151,"column":4},"end":{"line":153,"column":5}},"64":{"start":{"line":152,"column":6},"end":{"line":152,"column":37}},"65":{"start":{"line":155,"column":20},"end":{"line":159,"column":6}},"66":{"start":{"line":161,"column":4},"end":{"line":165,"column":5}},"67":{"start":{"line":162,"column":18},"end":{"line":162,"column":47}},"68":{"start":{"line":163,"column":6},"end":{"line":163,"column":27}},"69":{"start":{"line":164,"column":6},"end":{"line":164,"column":16}},"70":{"start":{"line":167,"column":4},"end":{"line":172,"column":7}},"71":{"start":{"line":174,"column":4},"end":{"line":174,"column":23}},"72":{"start":{"line":181,"column":28},"end":{"line":204,"column":1}},"73":{"start":{"line":182,"column":2},"end":{"line":203,"column":3}},"74":{"start":{"line":183,"column":20},"end":{"line":183,"column":65}},"75":{"start":{"line":184,"column":21},"end":{"line":184,"column":68}},"76":{"start":{"line":186,"column":4},"end":{"line":186,"column":37}},"77":{"start":{"line":188,"column":20},"end":{"line":188,"column":64}},"78":{"start":{"line":189,"column":4},"end":{"line":193,"column":5}},"79":{"start":{"line":190,"column":18},"end":{"line":190,"column":47}},"80":{"start":{"line":191,"column":6},"end":{"line":191,"column":27}},"81":{"start":{"line":192,"column":6},"end":{"line":192,"column":16}},"82":{"start":{"line":195,"column":4},"end":{"line":200,"column":7}},"83":{"start":{"line":202,"column":4},"end":{"line":202,"column":23}},"84":{"start":{"line":209,"column":44},"end":{"line":232,"column":1}},"85":{"start":{"line":210,"column":2},"end":{"line":231,"column":3}},"86":{"start":{"line":211,"column":26},"end":{"line":211,"column":36}},"87":{"start":{"line":212,"column":4},"end":{"line":216,"column":5}},"88":{"start":{"line":213,"column":18},"end":{"line":213,"column":62}},"89":{"start":{"line":214,"column":6},"end":{"line":214,"column":27}},"90":{"start":{"line":215,"column":6},"end":{"line":215,"column":16}},"91":{"start":{"line":218,"column":27},"end":{"line":218,"column":77}},"92":{"start":{"line":220,"column":4},"end":{"line":228,"column":7}},"93":{"start":{"line":230,"column":4},"end":{"line":230,"column":23}}},"fnMap":{"0":{"name":"(anonymous_0)","decl":{"start":{"line":14,"column":24},"end":{"line":14,"column":25}},"loc":{"start":{"line":15,"column":2},"end":{"line":15,"column":69}},"line":15},"1":{"name":"(anonymous_1)","decl":{"start":{"line":17,"column":22},"end":{"line":17,"column":23}},"loc":{"start":{"line":17,"column":40},"end":{"line":24,"column":1}},"line":17},"2":{"name":"(anonymous_2)","decl":{"start":{"line":26,"column":26},"end":{"line":26,"column":27}},"loc":{"start":{"line":26,"column":45},"end":{"line":34,"column":1}},"line":26},"3":{"name":"(anonymous_3)","decl":{"start":{"line":36,"column":23},"end":{"line":36,"column":24}},"loc":{"start":{"line":36,"column":35},"end":{"line":42,"column":1}},"line":36},"4":{"name":"(anonymous_4)","decl":{"start":{"line":47,"column":32},"end":{"line":47,"column":33}},"loc":{"start":{"line":47,"column":58},"end":{"line":65,"column":1}},"line":47},"5":{"name":"(anonymous_5)","decl":{"start":{"line":70,"column":25},"end":{"line":70,"column":26}},"loc":{"start":{"line":70,"column":51},"end":{"line":92,"column":1}},"line":70},"6":{"name":"(anonymous_6)","decl":{"start":{"line":97,"column":28},"end":{"line":97,"column":29}},"loc":{"start":{"line":97,"column":54},"end":{"line":138,"column":1}},"line":97},"7":{"name":"(anonymous_7)","decl":{"start":{"line":143,"column":28},"end":{"line":143,"column":29}},"loc":{"start":{"line":143,"column":54},"end":{"line":176,"column":1}},"line":143},"8":{"name":"(anonymous_8)","decl":{"start":{"line":181,"column":28},"end":{"line":181,"column":29}},"loc":{"start":{"line":181,"column":54},"end":{"line":204,"column":1}},"line":181},"9":{"name":"(anonymous_9)","decl":{"start":{"line":209,"column":44},"end":{"line":209,"column":45}},"loc":{"start":{"line":209,"column":70},"end":{"line":232,"column":1}},"line":209}},"branchMap":{"0":{"loc":{"start":{"line":15,"column":2},"end":{"line":15,"column":69}},"type":"binary-expr","locations":[{"start":{"line":15,"column":2},"end":{"line":15,"column":27}},{"start":{"line":15,"column":31},"end":{"line":15,"column":69}}],"line":15},"1":{"loc":{"start":{"line":18,"column":2},"end":{"line":22,"column":3}},"type":"if","locations":[{"start":{"line":18,"column":2},"end":{"line":22,"column":3}},{"start":{},"end":{}}],"line":18},"2":{"loc":{"start":{"line":28,"column":2},"end":{"line":32,"column":3}},"type":"if","locations":[{"start":{"line":28,"column":2},"end":{"line":32,"column":3}},{"start":{},"end":{}}],"line":28},"3":{"loc":{"start":{"line":37,"column":2},"end":{"line":41,"column":3}},"type":"if","locations":[{"start":{"line":37,"column":2},"end":{"line":41,"column":3}},{"start":{},"end":{}}],"line":37},"4":{"loc":{"start":{"line":37,"column":6},"end":{"line":37,"column":60}},"type":"binary-expr","locations":[{"start":{"line":37,"column":6},"end":{"line":37,"column":32}},{"start":{"line":37,"column":36},"end":{"line":37,"column":46}},{"start":{"line":37,"column":50},"end":{"line":37,"column":60}}],"line":37},"5":{"loc":{"start":{"line":58,"column":8},"end":{"line":60,"column":31}},"type":"cond-expr","locations":[{"start":{"line":59,"column":12},"end":{"line":59,"column":63}},{"start":{"line":60,"column":12},"end":{"line":60,"column":31}}],"line":58},"6":{"loc":{"start":{"line":77,"column":4},"end":{"line":81,"column":5}},"type":"if","locations":[{"start":{"line":77,"column":4},"end":{"line":81,"column":5}},{"start":{},"end":{}}],"line":77},"7":{"loc":{"start":{"line":104,"column":4},"end":{"line":108,"column":5}},"type":"if","locations":[{"start":{"line":104,"column":4},"end":{"line":108,"column":5}},{"start":{},"end":{}}],"line":104},"8":{"loc":{"start":{"line":104,"column":8},"end":{"line":104,"column":51}},"type":"binary-expr","locations":[{"start":{"line":104,"column":8},"end":{"line":104,"column":18}},{"start":{"line":104,"column":22},"end":{"line":104,"column":51}}],"line":104},"9":{"loc":{"start":{"line":116,"column":4},"end":{"line":120,"column":5}},"type":"if","locations":[{"start":{"line":116,"column":4},"end":{"line":120,"column":5}},{"start":{},"end":{}}],"line":116},"10":{"loc":{"start":{"line":151,"column":4},"end":{"line":153,"column":5}},"type":"if","locations":[{"start":{"line":151,"column":4},"end":{"line":153,"column":5}},{"start":{},"end":{}}],"line":151},"11":{"loc":{"start":{"line":156,"column":14},"end":{"line":156,"column":63}},"type":"cond-expr","locations":[{"start":{"line":156,"column":37},"end":{"line":156,"column":51}},{"start":{"line":156,"column":54},"end":{"line":156,"column":63}}],"line":156},"12":{"loc":{"start":{"line":161,"column":4},"end":{"line":165,"column":5}},"type":"if","locations":[{"start":{"line":161,"column":4},"end":{"line":165,"column":5}},{"start":{},"end":{}}],"line":161},"13":{"loc":{"start":{"line":189,"column":4},"end":{"line":193,"column":5}},"type":"if","locations":[{"start":{"line":189,"column":4},"end":{"line":193,"column":5}},{"start":{},"end":{}}],"line":189},"14":{"loc":{"start":{"line":212,"column":4},"end":{"line":216,"column":5}},"type":"if","locations":[{"start":{"line":212,"column":4},"end":{"line":216,"column":5}},{"start":{},"end":{}}],"line":212},"15":{"loc":{"start":{"line":225,"column":8},"end":{"line":227,"column":39}},"type":"cond-expr","locations":[{"start":{"line":226,"column":12},"end":{"line":226,"column":50}},{"start":{"line":227,"column":12},"end":{"line":227,"column":39}}],"line":225}},"s":{"0":4,"1":28,"2":4,"3":28,"4":2,"5":2,"6":2,"7":26,"8":4,"9":17,"10":17,"11":2,"12":2,"13":2,"14":15,"15":4,"16":6,"17":2,"18":2,"19":2,"20":4,"21":5,"22":5,"23":4,"24":3,"25":3,"26":2,"27":4,"28":3,"29":3,"30":3,"31":2,"32":2,"33":2,"34":1,"35":1,"36":1,"37":1,"38":2,"39":4,"40":5,"41":5,"42":5,"43":5,"44":4,"45":1,"46":1,"47":1,"48":3,"49":2,"50":2,"51":1,"52":1,"53":1,"54":1,"55":1,"56":4,"57":4,"58":4,"59":4,"60":4,"61":4,"62":4,"63":4,"64":3,"65":3,"66":3,"67":1,"68":1,"69":1,"70":2,"71":2,"72":4,"73":2,"74":2,"75":2,"76":2,"77":2,"78":2,"79":1,"80":1,"81":1,"82":1,"83":1,"84":4,"85":3,"86":3,"87":3,"88":1,"89":1,"90":1,"91":2,"92":2,"93":1},"f":{"0":28,"1":28,"2":17,"3":6,"4":5,"5":3,"6":5,"7":4,"8":2,"9":3},"b":{"0":[28,28],"1":[2,26],"2":[2,15],"3":[2,4],"4":[6,6,5],"5":[2,1],"6":[1,1],"7":[1,3],"8":[4,3],"9":[1,1],"10":[3,1],"11":[2,1],"12":[1,2],"13":[1,1],"14":[1,2],"15":[1,1]},"inputSourceMap":null,"_coverageSchema":"1a1c01bbd47fc00a2c39e90264f33305004495a9","hash":"54519fcef8d9bd3111be0f69984a947f554abb5b"}
,"/home/ntoylker/Desktop/ONLYVIBES/onlyvibes-backend/src/middleware/auth.js": {"path":"/home/ntoylker/Desktop/ONLYVIBES/onlyvibes-backend/src/middleware/auth.js","statementMap":{"0":{"start":{"line":5,"column":21},"end":{"line":5,"column":49}},"1":{"start":{"line":7,"column":2},"end":{"line":9,"column":3}},"2":{"start":{"line":8,"column":4},"end":{"line":8,"column":77}},"3":{"start":{"line":11,"column":26},"end":{"line":11,"column":47}},"4":{"start":{"line":13,"column":2},"end":{"line":15,"column":3}},"5":{"start":{"line":14,"column":4},"end":{"line":14,"column":84}},"6":{"start":{"line":17,"column":2},"end":{"line":30,"column":3}},"7":{"start":{"line":18,"column":19},"end":{"line":18,"column":41}},"8":{"start":{"line":19,"column":4},"end":{"line":22,"column":5}},"9":{"start":{"line":20,"column":6},"end":{"line":20,"column":57}},"10":{"start":{"line":21,"column":6},"end":{"line":21,"column":77}},"11":{"start":{"line":24,"column":20},"end":{"line":24,"column":45}},"12":{"start":{"line":25,"column":4},"end":{"line":25,"column":23}},"13":{"start":{"line":26,"column":4},"end":{"line":26,"column":18}},"14":{"start":{"line":28,"column":4},"end":{"line":28,"column":58}},"15":{"start":{"line":29,"column":4},"end":{"line":29,"column":73}}},"fnMap":{"0":{"name":"authenticate","decl":{"start":{"line":4,"column":16},"end":{"line":4,"column":28}},"loc":{"start":{"line":4,"column":45},"end":{"line":31,"column":1}},"line":4}},"branchMap":{"0":{"loc":{"start":{"line":7,"column":2},"end":{"line":9,"column":3}},"type":"if","locations":[{"start":{"line":7,"column":2},"end":{"line":9,"column":3}},{"start":{},"end":{}}],"line":7},"1":{"loc":{"start":{"line":13,"column":2},"end":{"line":15,"column":3}},"type":"if","locations":[{"start":{"line":13,"column":2},"end":{"line":15,"column":3}},{"start":{},"end":{}}],"line":13},"2":{"loc":{"start":{"line":13,"column":6},"end":{"line":13,"column":35}},"type":"binary-expr","locations":[{"start":{"line":13,"column":6},"end":{"line":13,"column":25}},{"start":{"line":13,"column":29},"end":{"line":13,"column":35}}],"line":13},"3":{"loc":{"start":{"line":19,"column":4},"end":{"line":22,"column":5}},"type":"if","locations":[{"start":{"line":19,"column":4},"end":{"line":22,"column":5}},{"start":{},"end":{}}],"line":19}},"s":{"0":4,"1":4,"2":1,"3":3,"4":3,"5":1,"6":2,"7":2,"8":2,"9":0,"10":0,"11":2,"12":1,"13":1,"14":1,"15":1},"f":{"0":4},"b":{"0":[1,3],"1":[1,2],"2":[3,2],"3":[0,2]},"inputSourceMap":null,"_coverageSchema":"1a1c01bbd47fc00a2c39e90264f33305004495a9","hash":"af333eaa98bf182efe5f7231ec6f1a0ae98b6afc"}
,"/home/ntoylker/Desktop/ONLYVIBES/onlyvibes-backend/src/models/account.js": {"path":"/home/ntoylker/Desktop/ONLYVIBES/onlyvibes-backend/src/models/account.js","statementMap":{"0":{"start":{"line":8,"column":22},"end":{"line":50,"column":2}},"1":{"start":{"line":44,"column":19},"end":{"line":44,"column":29}},"2":{"start":{"line":48,"column":19},"end":{"line":48,"column":29}},"3":{"start":{"line":54,"column":2},"end":{"line":54,"column":69}}},"fnMap":{"0":{"name":"(anonymous_0)","decl":{"start":{"line":44,"column":13},"end":{"line":44,"column":14}},"loc":{"start":{"line":44,"column":19},"end":{"line":44,"column":29}},"line":44},"1":{"name":"(anonymous_1)","decl":{"start":{"line":48,"column":13},"end":{"line":48,"column":14}},"loc":{"start":{"line":48,"column":19},"end":{"line":48,"column":29}},"line":48}},"branchMap":{"0":{"loc":{"start":{"line":54,"column":2},"end":{"line":54,"column":69}},"type":"binary-expr","locations":[{"start":{"line":54,"column":2},"end":{"line":54,"column":25}},{"start":{"line":54,"column":29},"end":{"line":54,"column":69}}],"line":54}},"s":{"0":5,"1":36,"2":36,"3":5},"f":{"0":36,"1":36},"b":{"0":[5,5]},"inputSourceMap":null,"_coverageSchema":"1a1c01bbd47fc00a2c39e90264f33305004495a9","hash":"6d2b07540c1aa4af260fcdf7063ef600357c69f1"}
,"/home/ntoylker/Desktop/ONLYVIBES/onlyvibes-backend/src/models/event.js": {"path":"/home/ntoylker/Desktop/ONLYVIBES/onlyvibes-backend/src/models/event.js","statementMap":{"0":{"start":{"line":4,"column":27},"end":{"line":8,"column":1}},"1":{"start":{"line":5,"column":2},"end":{"line":7,"column":3}},"2":{"start":{"line":6,"column":4},"end":{"line":6,"column":42}},"3":{"start":{"line":10,"column":27},"end":{"line":12,"column":1}},"4":{"start":{"line":11,"column":2},"end":{"line":11,"column":42}},"5":{"start":{"line":17,"column":20},"end":{"line":71,"column":1}},"6":{"start":{"line":58,"column":26},"end":{"line":58,"column":58}},"7":{"start":{"line":74,"column":0},"end":{"line":76,"column":3}},"8":{"start":{"line":75,"column":2},"end":{"line":75,"column":83}},"9":{"start":{"line":78,"column":0},"end":{"line":81,"column":3}},"10":{"start":{"line":79,"column":2},"end":{"line":79,"column":19}},"11":{"start":{"line":79,"column":12},"end":{"line":79,"column":19}},"12":{"start":{"line":80,"column":2},"end":{"line":80,"column":85}},"13":{"start":{"line":83,"column":0},"end":{"line":86,"column":3}},"14":{"start":{"line":84,"column":2},"end":{"line":84,"column":19}},"15":{"start":{"line":84,"column":12},"end":{"line":84,"column":19}},"16":{"start":{"line":85,"column":2},"end":{"line":85,"column":85}},"17":{"start":{"line":89,"column":0},"end":{"line":94,"column":3}},"18":{"start":{"line":90,"column":2},"end":{"line":92,"column":3}},"19":{"start":{"line":91,"column":4},"end":{"line":91,"column":51}},"20":{"start":{"line":93,"column":2},"end":{"line":93,"column":14}},"21":{"start":{"line":97,"column":2},"end":{"line":97,"column":63}}},"fnMap":{"0":{"name":"(anonymous_0)","decl":{"start":{"line":4,"column":27},"end":{"line":4,"column":28}},"loc":{"start":{"line":4,"column":40},"end":{"line":8,"column":1}},"line":4},"1":{"name":"(anonymous_1)","decl":{"start":{"line":10,"column":27},"end":{"line":10,"column":28}},"loc":{"start":{"line":10,"column":40},"end":{"line":12,"column":1}},"line":10},"2":{"name":"(anonymous_2)","decl":{"start":{"line":58,"column":19},"end":{"line":58,"column":20}},"loc":{"start":{"line":58,"column":26},"end":{"line":58,"column":58}},"line":58},"3":{"name":"(anonymous_3)","decl":{"start":{"line":74,"column":25},"end":{"line":74,"column":26}},"loc":{"start":{"line":74,"column":40},"end":{"line":76,"column":1}},"line":74},"4":{"name":"(anonymous_4)","decl":{"start":{"line":78,"column":37},"end":{"line":78,"column":38}},"loc":{"start":{"line":78,"column":52},"end":{"line":81,"column":1}},"line":78},"5":{"name":"(anonymous_5)","decl":{"start":{"line":83,"column":37},"end":{"line":83,"column":38}},"loc":{"start":{"line":83,"column":52},"end":{"line":86,"column":1}},"line":83},"6":{"name":"(anonymous_6)","decl":{"start":{"line":89,"column":25},"end":{"line":89,"column":26}},"loc":{"start":{"line":89,"column":53},"end":{"line":94,"column":1}},"line":89}},"branchMap":{"0":{"loc":{"start":{"line":5,"column":2},"end":{"line":7,"column":3}},"type":"if","locations":[{"start":{"line":5,"column":2},"end":{"line":7,"column":3}},{"start":{},"end":{}}],"line":5},"1":{"loc":{"start":{"line":5,"column":6},"end":{"line":5,"column":73}},"type":"binary-expr","locations":[{"start":{"line":5,"column":6},"end":{"line":5,"column":41}},{"start":{"line":5,"column":45},"end":{"line":5,"column":73}}],"line":5},"2":{"loc":{"start":{"line":58,"column":26},"end":{"line":58,"column":58}},"type":"binary-expr","locations":[{"start":{"line":58,"column":26},"end":{"line":58,"column":42}},{"start":{"line":58,"column":46},"end":{"line":58,"column":58}}],"line":58},"3":{"loc":{"start":{"line":79,"column":2},"end":{"line":79,"column":19}},"type":"if","locations":[{"start":{"line":79,"column":2},"end":{"line":79,"column":19}},{"start":{},"end":{}}],"line":79},"4":{"loc":{"start":{"line":84,"column":2},"end":{"line":84,"column":19}},"type":"if","locations":[{"start":{"line":84,"column":2},"end":{"line":84,"column":19}},{"start":{},"end":{}}],"line":84},"5":{"loc":{"start":{"line":90,"column":2},"end":{"line":92,"column":3}},"type":"if","locations":[{"start":{"line":90,"column":2},"end":{"line":92,"column":3}},{"start":{},"end":{}}],"line":90},"6":{"loc":{"start":{"line":97,"column":2},"end":{"line":97,"column":63}},"type":"binary-expr","locations":[{"start":{"line":97,"column":2},"end":{"line":97,"column":23}},{"start":{"line":97,"column":27},"end":{"line":97,"column":63}}],"line":97}},"s":{"0":6,"1":115,"2":0,"3":6,"4":2,"5":6,"6":112,"7":6,"8":110,"9":6,"10":5,"11":1,"12":4,"13":6,"14":2,"15":1,"16":1,"17":6,"18":2,"19":2,"20":2,"21":6},"f":{"0":115,"1":2,"2":112,"3":110,"4":5,"5":2,"6":2},"b":{"0":[0,115],"1":[115,115],"2":[112,112],"3":[1,4],"4":[1,1],"5":[2,0],"6":[6,6]},"inputSourceMap":null,"_coverageSchema":"1a1c01bbd47fc00a2c39e90264f33305004495a9","hash":"a9b5e415fdc0907a33ee5b30dea61a8cf9811738"}
,"/home/ntoylker/Desktop/ONLYVIBES/onlyvibes-backend/src/models/review.js": {"path":"/home/ntoylker/Desktop/ONLYVIBES/onlyvibes-backend/src/models/review.js","statementMap":{"0":{"start":{"line":7,"column":21},"end":{"line":38,"column":1}},"1":{"start":{"line":41,"column":2},"end":{"line":41,"column":66}}},"fnMap":{},"branchMap":{"0":{"loc":{"start":{"line":41,"column":2},"end":{"line":41,"column":66}},"type":"binary-expr","locations":[{"start":{"line":41,"column":2},"end":{"line":41,"column":24}},{"start":{"line":41,"column":28},"end":{"line":41,"column":66}}],"line":41}},"s":{"0":5,"1":5},"f":{},"b":{"0":[5,5]},"inputSourceMap":null,"_coverageSchema":"1a1c01bbd47fc00a2c39e90264f33305004495a9","hash":"b384f0c0d3a7137464d46f779688cb7f9a8f9252"}
,"/home/ntoylker/Desktop/ONLYVIBES/onlyvibes-backend/src/routes/accountRoutes.js": {"path":"/home/ntoylker/Desktop/ONLYVIBES/onlyvibes-backend/src/routes/accountRoutes.js","statementMap":{"0":{"start":{"line":10,"column":15},"end":{"line":10,"column":23}},"1":{"start":{"line":13,"column":0},"end":{"line":13,"column":32}},"2":{"start":{"line":16,"column":0},"end":{"line":16,"column":35}},"3":{"start":{"line":19,"column":0},"end":{"line":19,"column":34}},"4":{"start":{"line":22,"column":0},"end":{"line":22,"column":37}}},"fnMap":{},"branchMap":{},"s":{"0":4,"1":4,"2":4,"3":4,"4":4},"f":{},"b":{},"inputSourceMap":null,"_coverageSchema":"1a1c01bbd47fc00a2c39e90264f33305004495a9","hash":"e5e5dd0f82188ba1de6eed09e82cd02e89cef2ea"}
,"/home/ntoylker/Desktop/ONLYVIBES/onlyvibes-backend/src/routes/authRoutes.js": {"path":"/home/ntoylker/Desktop/ONLYVIBES/onlyvibes-backend/src/routes/authRoutes.js","statementMap":{"0":{"start":{"line":5,"column":15},"end":{"line":5,"column":31}},"1":{"start":{"line":8,"column":0},"end":{"line":8,"column":36}},"2":{"start":{"line":11,"column":0},"end":{"line":11,"column":34}}},"fnMap":{},"branchMap":{},"s":{"0":4,"1":4,"2":4},"f":{},"b":{},"inputSourceMap":null,"_coverageSchema":"1a1c01bbd47fc00a2c39e90264f33305004495a9","hash":"aa88926f2b875fde292e418e49c0720d50113657"}
,"/home/ntoylker/Desktop/ONLYVIBES/onlyvibes-backend/src/routes/eventRoutes.js": {"path":"/home/ntoylker/Desktop/ONLYVIBES/onlyvibes-backend/src/routes/eventRoutes.js","statementMap":{"0":{"start":{"line":12,"column":15},"end":{"line":12,"column":23}},"1":{"start":{"line":15,"column":0},"end":{"line":15,"column":28}},"2":{"start":{"line":18,"column":0},"end":{"line":18,"column":33}},"3":{"start":{"line":21,"column":0},"end":{"line":21,"column":30}},"4":{"start":{"line":24,"column":0},"end":{"line":24,"column":32}},"5":{"start":{"line":27,"column":0},"end":{"line":27,"column":35}},"6":{"start":{"line":30,"column":0},"end":{"line":30,"column":46}}},"fnMap":{},"branchMap":{},"s":{"0":4,"1":4,"2":4,"3":4,"4":4,"5":4,"6":4},"f":{},"b":{},"inputSourceMap":null,"_coverageSchema":"1a1c01bbd47fc00a2c39e90264f33305004495a9","hash":"bc60a3ea02c464392cff8c23e33379109c1543ce"}
,"/home/ntoylker/Desktop/ONLYVIBES/onlyvibes-backend/src/routes/reviewRoutes.js": {"path":"/home/ntoylker/Desktop/ONLYVIBES/onlyvibes-backend/src/routes/reviewRoutes.js","statementMap":{"0":{"start":{"line":12,"column":15},"end":{"line":12,"column":23}},"1":{"start":{"line":15,"column":0},"end":{"line":15,"column":57}},"2":{"start":{"line":16,"column":0},"end":{"line":16,"column":60}},"3":{"start":{"line":17,"column":0},"end":{"line":17,"column":54}},"4":{"start":{"line":18,"column":0},"end":{"line":18,"column":63}},"5":{"start":{"line":19,"column":0},"end":{"line":19,"column":66}},"6":{"start":{"line":22,"column":0},"end":{"line":22,"column":81}}},"fnMap":{},"branchMap":{},"s":{"0":4,"1":4,"2":4,"3":4,"4":4,"5":4,"6":4},"f":{},"b":{},"inputSourceMap":null,"_coverageSchema":"1a1c01bbd47fc00a2c39e90264f33305004495a9","hash":"5a42e098d941a8d3de808ace731820320277d524"}
,"/home/ntoylker/Desktop/ONLYVIBES/onlyvibes-backend/src/services/accountService.js": {"path":"/home/ntoylker/Desktop/ONLYVIBES/onlyvibes-backend/src/services/accountService.js","statementMap":{"0":{"start":{"line":5,"column":26},"end":{"line":11,"column":1}},"1":{"start":{"line":6,"column":2},"end":{"line":10,"column":3}},"2":{"start":{"line":7,"column":16},"end":{"line":7,"column":51}},"3":{"start":{"line":8,"column":4},"end":{"line":8,"column":25}},"4":{"start":{"line":9,"column":4},"end":{"line":9,"column":14}},"5":{"start":{"line":13,"column":29},"end":{"line":22,"column":1}},"6":{"start":{"line":14,"column":26},"end":{"line":14,"column":81}},"7":{"start":{"line":15,"column":19},"end":{"line":15,"column":68}},"8":{"start":{"line":17,"column":2},"end":{"line":21,"column":3}},"9":{"start":{"line":18,"column":16},"end":{"line":18,"column":49}},"10":{"start":{"line":19,"column":4},"end":{"line":19,"column":25}},"11":{"start":{"line":20,"column":4},"end":{"line":20,"column":14}},"12":{"start":{"line":30,"column":28},"end":{"line":42,"column":1}},"13":{"start":{"line":31,"column":2},"end":{"line":31,"column":24}},"14":{"start":{"line":31,"column":12},"end":{"line":31,"column":24}},"15":{"start":{"line":33,"column":14},"end":{"line":33,"column":49}},"16":{"start":{"line":36,"column":2},"end":{"line":38,"column":3}},"17":{"start":{"line":37,"column":4},"end":{"line":37,"column":32}},"18":{"start":{"line":40,"column":2},"end":{"line":40,"column":17}},"19":{"start":{"line":41,"column":2},"end":{"line":41,"column":13}},"20":{"start":{"line":50,"column":36},"end":{"line":74,"column":1}},"21":{"start":{"line":51,"column":14},"end":{"line":51,"column":24}},"22":{"start":{"line":53,"column":2},"end":{"line":53,"column":22}},"23":{"start":{"line":54,"column":2},"end":{"line":54,"column":44}},"24":{"start":{"line":56,"column":2},"end":{"line":73,"column":3}},"25":{"start":{"line":57,"column":16},"end":{"line":67,"column":6}},"26":{"start":{"line":69,"column":4},"end":{"line":69,"column":36}},"27":{"start":{"line":71,"column":4},"end":{"line":71,"column":73}},"28":{"start":{"line":72,"column":4},"end":{"line":72,"column":16}},"29":{"start":{"line":82,"column":37},"end":{"line":92,"column":1}},"30":{"start":{"line":83,"column":2},"end":{"line":83,"column":22}},"31":{"start":{"line":85,"column":2},"end":{"line":91,"column":3}},"32":{"start":{"line":86,"column":16},"end":{"line":86,"column":42}},"33":{"start":{"line":87,"column":4},"end":{"line":87,"column":36}},"34":{"start":{"line":89,"column":4},"end":{"line":89,"column":74}},"35":{"start":{"line":90,"column":4},"end":{"line":90,"column":16}},"36":{"start":{"line":101,"column":36},"end":{"line":118,"column":1}},"37":{"start":{"line":102,"column":14},"end":{"line":102,"column":24}},"38":{"start":{"line":104,"column":2},"end":{"line":104,"column":22}},"39":{"start":{"line":106,"column":2},"end":{"line":117,"column":3}},"40":{"start":{"line":107,"column":16},"end":{"line":111,"column":5}},"41":{"start":{"line":113,"column":4},"end":{"line":113,"column":36}},"42":{"start":{"line":115,"column":4},"end":{"line":115,"column":73}},"43":{"start":{"line":116,"column":4},"end":{"line":116,"column":16}},"44":{"start":{"line":126,"column":36},"end":{"line":136,"column":1}},"45":{"start":{"line":127,"column":2},"end":{"line":127,"column":22}},"46":{"start":{"line":129,"column":2},"end":{"line":135,"column":3}},"47":{"start":{"line":130,"column":19},"end":{"line":130,"column":54}},"48":{"start":{"line":131,"column":4},"end":{"line":131,"column":20}},"49":{"start":{"line":133,"column":4},"end":{"line":133,"column":73}},"50":{"start":{"line":134,"column":4},"end":{"line":134,"column":16}}},"fnMap":{"0":{"name":"(anonymous_0)","decl":{"start":{"line":5,"column":26},"end":{"line":5,"column":27}},"loc":{"start":{"line":5,"column":32},"end":{"line":11,"column":1}},"line":5},"1":{"name":"(anonymous_1)","decl":{"start":{"line":13,"column":29},"end":{"line":13,"column":30}},"loc":{"start":{"line":13,"column":46},"end":{"line":22,"column":1}},"line":13},"2":{"name":"(anonymous_2)","decl":{"start":{"line":30,"column":28},"end":{"line":30,"column":29}},"loc":{"start":{"line":30,"column":37},"end":{"line":42,"column":1}},"line":30},"3":{"name":"(anonymous_3)","decl":{"start":{"line":50,"column":36},"end":{"line":50,"column":37}},"loc":{"start":{"line":50,"column":55},"end":{"line":74,"column":1}},"line":50},"4":{"name":"(anonymous_4)","decl":{"start":{"line":82,"column":37},"end":{"line":82,"column":38}},"loc":{"start":{"line":82,"column":51},"end":{"line":92,"column":1}},"line":82},"5":{"name":"(anonymous_5)","decl":{"start":{"line":101,"column":36},"end":{"line":101,"column":37}},"loc":{"start":{"line":101,"column":59},"end":{"line":118,"column":1}},"line":101},"6":{"name":"(anonymous_6)","decl":{"start":{"line":126,"column":36},"end":{"line":126,"column":37}},"loc":{"start":{"line":126,"column":50},"end":{"line":136,"column":1}},"line":126}},"branchMap":{"0":{"loc":{"start":{"line":6,"column":2},"end":{"line":10,"column":3}},"type":"if","locations":[{"start":{"line":6,"column":2},"end":{"line":10,"column":3}},{"start":{},"end":{}}],"line":6},"1":{"loc":{"start":{"line":14,"column":26},"end":{"line":14,"column":81}},"type":"cond-expr","locations":[{"start":{"line":14,"column":54},"end":{"line":14,"column":73}},{"start":{"line":14,"column":76},"end":{"line":14,"column":81}}],"line":14},"2":{"loc":{"start":{"line":17,"column":2},"end":{"line":21,
[...]
:42},"end":{"line":35,"column":1}},"18":{"start":{"line":32,"column":2},"end":{"line":32,"column":34}},"19":{"start":{"line":32,"column":24},"end":{"line":32,"column":34}},"20":{"start":{"line":33,"column":15},"end":{"line":33,"column":69}},"21":{"start":{"line":34,"column":2},"end":{"line":34,"column":38}},"22":{"start":{"line":37,"column":36},"end":{"line":41,"column":1}},"23":{"start":{"line":38,"column":2},"end":{"line":38,"column":36}},"24":{"start":{"line":38,"column":24},"end":{"line":38,"column":36}},"25":{"start":{"line":39,"column":14},"end":{"line":39,"column":62}},"26":{"start":{"line":40,"column":2},"end":{"line":40,"column":33}},"27":{"start":{"line":43,"column":49},"end":{"line":47,"column":1}},"28":{"start":{"line":44,"column":2},"end":{"line":44,"column":36}},"29":{"start":{"line":44,"column":24},"end":{"line":44,"column":36}},"30":{"start":{"line":45,"column":14},"end":{"line":45,"column":58}},"31":{"start":{"line":46,"column":2},"end":{"line":46,"column":33}},"32":{"start":{"line":49,"column":35},"end":{"line":63,"column":1}},"33":{"start":{"line":50,"column":2},"end":{"line":52,"column":3}},"34":{"start":{"line":51,"column":4},"end":{"line":51,"column":46}},"35":{"start":{"line":54,"column":14},"end":{"line":60,"column":4}},"36":{"start":{"line":62,"column":2},"end":{"line":62,"column":33}},"37":{"start":{"line":65,"column":35},"end":{"line":86,"column":1}},"38":{"start":{"line":66,"column":2},"end":{"line":66,"column":36}},"39":{"start":{"line":66,"column":24},"end":{"line":66,"column":36}},"40":{"start":{"line":68,"column":19},"end":{"line":68,"column":33}},"41":{"start":{"line":69,"column":2},"end":{"line":71,"column":3}},"42":{"start":{"line":70,"column":4},"end":{"line":70,"column":37}},"43":{"start":{"line":72,"column":2},"end":{"line":74,"column":3}},"44":{"start":{"line":73,"column":4},"end":{"line":73,"column":39}},"45":{"start":{"line":75,"column":2},"end":{"line":77,"column":3}},"46":{"start":{"line":76,"column":4},"end":{"line":76,"column":43}},"47":{"start":{"line":79,"column":14},"end":{"line":83,"column":3}},"48":{"start":{"line":85,"column":2},"end":{"line":85,"column":33}},"49":{"start":{"line":88,"column":35},"end":{"line":93,"column":1}},"50":{"start":{"line":89,"column":2},"end":{"line":89,"column":37}},"51":{"start":{"line":89,"column":24},"end":{"line":89,"column":37}},"52":{"start":{"line":91,"column":14},"end":{"line":91,"column":71}},"53":{"start":{"line":92,"column":2},"end":{"line":92,"column":15}},"54":{"start":{"line":95,"column":49},"end":{"line":141,"column":1}},"55":{"start":{"line":96,"column":2},"end":{"line":96,"column":34}},"56":{"start":{"line":96,"column":24},"end":{"line":96,"column":34}},"57":{"start":{"line":98,"column":21},"end":{"line":98,"column":77}},"58":{"start":{"line":99,"column":2},"end":{"line":99,"column":36}},"59":{"start":{"line":99,"column":26},"end":{"line":99,"column":36}},"60":{"start":{"line":101,"column":18},"end":{"line":101,"column":52}},"61":{"start":{"line":102,"column":19},"end":{"line":102,"column":62}},"62":{"start":{"line":102,"column":50},"end":{"line":102,"column":59}},"63":{"start":{"line":103,"column":20},"end":{"line":105,"column":11}},"64":{"start":{"line":107,"column":19},"end":{"line":109,"column":3}},"65":{"start":{"line":108,"column":29},"end":{"line":108,"column":58}},"66":{"start":{"line":111,"column":20},"end":{"line":111,"column":22}},"67":{"start":{"line":112,"column":18},"end":{"line":112,"column":27}},"68":{"start":{"line":114,"column":2},"end":{"line":119,"column":5}},"69":{"start":{"line":115,"column":4},"end":{"line":117,"column":5}},"70":{"start":{"line":116,"column":6},"end":{"line":116,"column":38}},"71":{"start":{"line":118,"column":4},"end":{"line":118,"column":45}},"72":{"start":{"line":121,"column":2},"end":{"line":138,"column":5}},"73":{"start":{"line":122,"column":18},"end":{"line":122,"column":39}},"74":{"start":{"line":123,"column":24},"end":{"line":123,"column":80}},"75":{"start":{"line":123,"column":51},"end":{"line":123,"column":76}},"76":{"start":{"line":124,"column":23},"end":{"line":126,"column":5}},"77":{"start":{"line":125,"column":6},"end":{"line":125,"column":75}},"78":{"start":{"line":128,"column":4},"end":{"line":137,"column":7}},"79":{"start":{"line":140,"column":2},"end":{"line":140,"column":19}}},"fnMap":{"0":{"name":"(anonymous_0)","decl":{"start":{"line":6,"column":27},"end":{"line":6,"column":28}},"loc":{"start":{"line":6,"column":36},"end":{"line":23,"column":1}},"line":6},"1":{"name":"(anonymous_1)","decl":{"start":{"line":25,"column":40},"end":{"line":25,"column":41}},"loc":{"start":{"line":25,"column":59},"end":{"line":29,"column":1}},"line":25},"2":{"name":"(anonymous_2)","decl":{"start":{"line":31,"column":42},"end":{"line":31,"column":43}},"loc":{"start":{"line":31,"column":61},"end":{"line":35,"column":1}},"line":31},"3":{"name":"(anonymous_3)","decl":{"start":{"line":37,"column":36},"end":{"line":37,"column":37}},"loc":{"start":{"line":37,"column":65},"end":{"line":41,"column":1}},"line":37},"4":{"name":"(anonymous_4)","decl":{"start":{"line":43,"column":49},"end":{"line":43,"column":50}},"loc":{"start":{"line":43,"column":79},"end":{"line":47,"column":1}},"line":43},"5":{"name":"(anonymous_5)","decl":{"start":{"line":49,"column":35},"end":{"line":49,"column":36}},"loc":{"start":{"line":49,"column":63},"end":{"line":63,"column":1}},"line":49},"6":{"name":"(anonymous_6)","decl":{"start":{"line":65,"column":35},"end":{"line":65,"column":36}},"loc":{"start":{"line":65,"column":73},"end":{"line":86,"column":1}},"line":65},"7":{"name":"(anonymous_7)","decl":{"start":{"line":88,"column":35},"end":{"line":88,"column":36}},"loc":{"start":{"line":88,"column":64},"end":{"line":93,"column":1}},"line":88},"8":{"name":"(anonymous_8)","decl":{"start":{"line":95,"column":49},"end":{"line":95,"column":50}},"loc":{"start":{"line":95,"column":70},"end":{"line":141,"column":1}},"line":95},"9":{"name":"(anonymous_9)","decl":{"start":{"line":102,"column":43},"end":{"line":102,"column":44}},"loc":{"start":{"line":102,"column":50},"end":{"line":102,"column":59}},"line":102},"10":{"name":"(anonymous_10)","decl":{"start":{"line":108,"column":18},"end":{"line":108,"column":19}},"loc":{"start":{"line":108,"column":29},"end":{"line":108,"column":58}},"line":108},"11":{"name":"(anonymous_11)","decl":{"start":{"line":114,"column":18},"end":{"line":114,"column":19}},"loc":{"start":{"line":114,"column":30},"end":{"line":119,"column":3}},"line":114},"12":{"name":"(anonymous_12)","decl":{"start":{"line":121,"column":18},"end":{"line":121,"column":19}},"loc":{"start":{"line":121,"column":37},"end":{"line":138,"column":3}},"line":121},"13":{"name":"(anonymous_13)","decl":{"start":{"line":123,"column":36},"end":{"line":123,"column":37}},"loc":{"start":{"line":123,"column":51},"end":{"line":123,"column":76}},"line":123},"14":{"name":"(anonymous_14)","decl":{"start":{"line":124,"column":35},"end":{"line":124,"column":36}},"loc":{"start":{"line":125,"column":6},"end":{"line":125,"column":75}},"line":125}},"branchMap":{"0":{"loc":{"start":{"line":7,"column":2},"end":{"line":7,"column":24}},"type":"if","locations":[{"start":{"line":7,"column":2},"end":{"line":7,"column":24}},{"start":{},"end":{}}],"line":7},"1":{"loc":{"start":{"line":9,"column":14},"end":{"line":9,"column":49}},"type":"cond-expr","locations":[{"start":{"line":9,"column":29},"end":{"line":9,"column":43}},{"start":{"line":9,"column":46},"end":{"line":9,"column":49}}],"line":9},"2":{"loc":{"start":{"line":11,"column":2},"end":{"line":15,"column":3}},"type":"if","locations":[{"start":{"line":11,"column":2},"end":{"line":15,"column":3}},{"start":{},"end":{}}],"line":11},"3":{"loc":{"start":{"line":17,"column":2},"end":{"line":19,"column":3}},"type":"if","locations":[{"start":{"line":17,"column":2},"end":{"line":19,"column":3}},{"start":{},"end":{}}],"line":17},"4":{"loc":{"start":{"line":26,"column":2},"end":{"line":26,"column":36}},"type":"if","locations":[{"start":{"line":26,"column":2},"end":{"line":26,"column":36}},{"start":{},"end":{}}],"line":26},"5":{"loc":{"start":{"line":28,"column":9},"end":{"line":28,"column":36}},"type":"cond-expr","locations":[{"start":{"line":28,"column":15},"end":{"line":28,"column":29}},{"start":{"line":28,"column":32},"end":{"line":28,"column":36}}],"line":28},"6":{"loc":{"start":{"line":32,"column":2},"end":{"line":32,"column":34}},"type":"if","locations":[{"start":{"line":32,"column":2},"end":{"line":32,"column":34}},{"start":{},"end":{}}],"line":32},"7":{"loc":{"start":{"line":38,"column":2},"end":{"line":38,"column":36}},"type":"if","locations":[{"start":{"line":38,"column":2},"end":{"line":38,"column":36}},{"start":{},"end":{}}],"line":38},"8":{"loc":{"start":{"line":44,"column":2},"end":{"line":44,"column":36}},"type":"if","locations":[{"start":{"line":44,"column":2},"end":{"line":44,"column":36}},{"start":{},"end":{}}],"line":44},"9":{"loc":{"start":{"line":50,"column":2},"end":{"line":52,"column":3}},"type":"if","locations":[{"start":{"line":50,"column":2},"end":{"line":52,"column":3}},{"start":{},"end":{}}],"line":50},"10":{"loc":{"start":{"line":58,"column":13},"end":{"line":58,"column":34}},"type":"binary-expr","locations":[{"start":{"line":58,"column":13},"end":{"line":58,"column":28}},{"start":{"line":58,"column":32},"end":{"line":58,"column":34}}],"line":58},"11":{"loc":{"start":{"line":59,"column":15},"end":{"line":59,"column":72}},"type":"cond-expr","locations":[{"start":{"line":59,"column":50},"end":{"line":59,"column":67}},{"start":{"line":59,"column":70},"end":{"line":59,"column":72}}],"line":59},"12":{"loc":{"start":{"line":66,"column":2},"end":{"line":66,"column":36}},"type":"if","locations":[{"start":{"line":66,"column":2},"end":{"line":66,"column":36}},{"start":{},"end":{}}],"line":66},"13":{"loc":{"start":{"line":69,"column":2},"end":{"line":71,"column":3}},"type":"if","locations":[{"start":{"line":69,"column":2},"end":{"line":71,"column":3}},{"start":{},"end":{}}],"line":69},"14":{"loc":{"start":{"line":72,"column":2},"end":{"line":74,"column":3}},"type":"if","locations":[{"start":{"line":72,"column":2},"end":{"line":74,"column":3}},{"start":{},"end":{}}],"line":72},"15":{"loc":{"start":{"line":75,"column":2},"end":{"line":77,"column":3}},"type":"if","locations":[{"start":{"line":75,"column":2},"end":{"line":77,"column":3}},{"start":{},"end":{}}],"line":75},"16":{"loc":{"start":{"line":89,"column":2},"end":{"line":89,"column":37}},"type":"if","locations":[{"start":{"line":89,"column":2},"end":{"line":89,"column":37}},{"start":{},"end":{}}],"line":89},"17":{"loc":{"start":{"line":96,"column":2},"end":{"line":96,"column":34}},"type":"if","locations":[{"start":{"line":96,"column":2},"end":{"line":96,"column":34}},{"start":{},"end":{}}],"line":96},"18":{"loc":{"start":{"line":99,"column":2},"end":{"line":99,"column":36}},"type":"if","locations":[{"start":{"line":99,"column":2},"end":{"line":99,"column":36}},{"start":{},"end":{}}],"line":99},"19":{"loc":{"start":{"line":115,"column":4},"end":{"line":117,"column":5}},"type":"if","locations":[{"start":{"line":115,"column":4},"end":{"line":117,"column":5}},{"start":{},"end":{}}],"line":115},"20":{"loc":{"start":{"line":125,"column":6},"end":{"line":125,"column":75}},"type":"cond-expr","locations":[{"start":{"line":125,"column":62},"end":{"line":125,"column":66}},{"start":{"line":125,"column":69},"end":{"line":125,"column":75}}],"line":125},"21":{"loc":{"start":{"line":130,"column":18},"end":{"line":130,"column":49}},"type":"binary-expr","locations":[{"start":{"line":130,"column":18},"end":{"line":130,"column":30}},{"start":{"line":130,"column":34},"end":{"line":130,"column":49}}],"line":130},"22":{"loc":{"start":{"line":131,"column":16},"end":{"line":131,"column":53}},"type":"binary-expr","locations":[{"start":{"line":131,"column":16},"end":{"line":131,"column":31}},{"start":{"line":131,"column":35},"end":{"line":131,"column":53}}],"line":131}},"s":{"0":5,"1":15,"2":3,"3":12,"4":12,"5":11,"6":11,"7":11,"8":12,"9":11,"10":12,"11":12,"12":5,"13":18,"14":1,"15":17,"16":17,"17":5,"18":4,"19":1,"20":3,"21":3,"22":5,"23":3,"24":1,"25":2,"26":2,"27":5,"28":4,"29":1,"30":3,"31":3,"32":5,"33":3,"34":1,"35":2,"36":2,"37":5,"38":4,"39":1,"40":3,"41":3,"42":2,"43":3,"44":2,"45":3,"46":1,"47":3,"48":3,"49":5,"50":5,"51":1,"52":4,"53":4,"54":5,"55":5,"56":1,"57":4,"58":4,"59":2,"60":2,"61":2,"62":4,"63":2,"64":2,"65":1,"66":2,"67":2,"68":2,"69":4,"70":2,"71":4,"72":2,"73":2,"74":2,"75":4,"76":2,"77":2,"78":2,"79":2},"f":{"0":15,"1":18,"2":4,"3":3,"4":4,"5":3,"6":4,"7":5,"8":5,"9":4,"10":1,"11":4,"12":2,"13":4,"14":2},"b":{"0":[3,12],"1":[11,1],"2":[11,1],"3":[11,1],"4":[1,17],"5":[15,2],"6":[1,3],"7":[1,2],"8":[1,3],"9":[1,2],"10":[2,1],"11":[1,1],"12":[1,3],"13":[2,1],"14":[2,1],"15":[1,2],"16":[1,4],"17":[1,4],"18":[2,2],"19":[2,2],"20":[1,1],"21":[2,1],"22":[2,1]},"inputSourceMap":null,"_coverageSchema":"1a1c01bbd47fc00a2c39e90264f33305004495a9","hash":"d2609b10ca9c3b25c4dd7367c1190f80f095fe61"}
,"/home/ntoylker/Desktop/ONLYVIBES/onlyvibes-backend/src/tests/utils/testDb.js": {"path":"/home/ntoylker/Desktop/ONLYVIBES/onlyvibes-backend/src/tests/utils/testDb.js","statementMap":{"0":{"start":{"line":8,"column":28},"end":{"line":76,"column":1}},"1":{"start":{"line":9,"column":24},"end":{"line":9,"column":52}},"2":{"start":{"line":10,"column":20},"end":{"line":10,"column":24}},"3":{"start":{"line":11,"column":17},"end":{"line":11,"column":19}},"4":{"start":{"line":13,"column":23},"end":{"line":18,"column":3}},"5":{"start":{"line":14,"column":4},"end":{"line":17,"column":5}},"6":{"start":{"line":15,"column":6},"end":{"line":15,"column":53}},"7":{"start":{"line":16,"column":6},"end":{"line":16,"column":38}},"8":{"start":{"line":20,"column":2},"end":{"line":75,"column":4}},"9":{"start":{"line":25,"column":6},"end":{"line":25,"column":27}},"10":{"start":{"line":27,"column":6},"end":{"line":29,"column":7}},"11":{"start":{"line":28,"column":8},"end":{"line":28,"column":15}},"12":{"start":{"line":31,"column":6},"end":{"line":31,"column":44}},"13":{"start":{"line":38,"column":6},"end":{"line":38,"column":61}},"14":{"start":{"line":38,"column":54},"end":{"line":38,"column":61}},"15":{"start":{"line":40,"column":27},"end":{"line":42,"column":7}},"16":{"start":{"line":41,"column":24},"end":{"line":41,"column":49}},"17":{"start":{"line":44,"column":6},"end":{"line":44,"column":38}},"18":{"start":{"line":51,"column":6},"end":{"line":53,"column":7}},"19":{"start":{"line":52,"column":8},"end":{"line":52,"column":41}},"20":{"start":{"line":55,"column":6},"end":{"line":59,"column":7}},"21":{"start":{"line":56,"column":8},"end":{"line":56,"column":33}},"22":{"start":{"line":57,"column":8},"end":{"line":57,"column":27}},"23":{"start":{"line":58,"column":8},"end":{"line":58,"column":22}},"24":{"start":{"line":66,"column":6},"end":{"line":66,"column":22}},"25":{"start":{"line":73,"column":6},"end":{"line":73,"column":27}}},"fnMap":{"0":{"name":"(anonymous_0)","decl":{"start":{"line":8,"column":28},"end":{"line":8,"column":29}},"loc":{"start":{"line":8,"column":59},"end":{"line":76,"column":1}},"line":8},"1":{"name":"(anonymous_1)","decl":{"start":{"line":13,"column":23},"end":{"line":13,"column":24}},"loc":{"start":{"line":13,"column":35},"end":{"line":18,"column":3}},"line":13},"2":{"name":"(anonymous_2)","decl":{"start":{"line":24,"column":4},"end":{"line":24,"column":5}},"loc":{"start":{"line":24,"column":20},"end":{"line":32,"column":5}},"line":24},"3":{"name":"(anonymous_3)","decl":{"start":{"line":37,"column":4},"end":{"line":37,"column":5}},"loc":{"start":{"line":37,"column":26},"end":{"line":45,"column":5}},"line":37},"4":{"name":"(anonymous_4)","decl":{"start":{"line":41,"column":8},"end":{"line":41,"column":9}},"loc":{"start":{"line":41,"column":24},"end":{"line":41,"column":49}},"line":41},"5":{"name":"(anonymous_5)","decl":{"start":{"line":50,"column":4},"end":{"line":50,"column":5}},"loc":{"start":{"line":50,"column":23},"end":{"line":60,"column":5}},"line":50},"6":{"name":"(anonymous_6)","decl":{"start":{"line":65,"column":4},"end":{"line":65,"column":5}},"loc":{"start":{"line":65,"column":13},"end":{"line":67,"column":5}},"line":65},"7":{"name":"(anonymous_7)","decl":{"start":{"line":72,"column":4},"end":{"line":72,"column":5}},"loc":{"start":{"line":72,"column":18},"end":{"line":74,"column":5}},"line":72}},"branchMap":{"0":{"loc":{"start":{"line":8,"column":29},"end":{"line":8,"column":54}},"type":"default-arg","locations":[{"start":{"line":8,"column":52},"end":{"line":8,"column":54}}],"line":8},"1":{"loc":{"start":{"line":9,"column":24},"end":{"line":9,"column":52}},"type":"binary-expr","locations":[{"start":{"line":9,"column":24},"end":{"line":9,"column":40}},{"start":{"line":9,"column":44},"end":{"line":9,"column":52}}],"line":9},"2":{"loc":{"start":{"line":14,"column":4},"end":{"line":17,"column":5}},"type":"if","locations":[{"start":{"line":14,"column":4},"end":{"line":17,"column":5}},{"start":{},"end":{}}],"line":14},"3":{"loc":{"start":{"line":27,"column":6},"end":{"line":29,"column":7}},"type":"if","locations":[{"start":{"line":27,"column":6},"end":{"line":29,"column":7}},{"start":{},"end":{}}],"line":27},"4":{"loc":{"start":{"line":38,"column":6},"end":{"line":38,"column":61}},"type":"if","locations":[{"start":{"line":38,"column":6},"end":{"line":38,"column":61}},{"start":{},"end":{}}],"line":38},"5":{"loc":{"start":{"line":51,"column":6},"end":{"line":53,"column":7}},"type":"if","locations":[{"start":{"line":51,"column":6},"end":{"line":53,"column":7}},{"start":{},"end":{}}],"line":51},"6":{"loc":{"start":{"line":51,"column":10},"end":{"line":51,"column":91}},"type":"binary-expr","locations":[{"start":{"line":51,"column":10},"end":{"line":51,"column":46}},{"start":{"line":51,"column":50},"end":{"line":51,"column":91}}],"line":51},"7":{"loc":{"start":{"line":55,"column":6},"end":{"line":59,"column":7}},"type":"if","locations":[{"start":{"line":55,"column":6},"end":{"line":59,"column":7}},{"start":{},"end":{}}],"line":55}},"s":{"0":6,"1":7,"2":7,"3":7,"4":7,"5":7,"6":6,"7":6,"8":7,"9":7,"10":7,"11":1,"12":6,"13":87,"14":1,"15":86,"16":250,"17":86,"18":5,"19":5,"20":5,"21":5,"22":5,"23":5,"24":0,"25":3},"f":{"0":7,"1":7,"2":7,"3":87,"4":250,"5":5,"6":0,"7":3},"b":{"0":[5],"1":[7,5],"2":[6,1],"3":[1,6],"4":[1,86],"5":[5,0],"6":[5,5],"7":[5,0]},"inputSourceMap":null,"_coverageSchema":"1a1c01bbd47fc00a2c39e90264f33305004495a9","hash":"b91794554d4f34a30622c6bf8242027e4b291842"}
,"/home/ntoylker/Desktop/ONLYVIBES/onlyvibes-backend/src/utils/dbHealth.js": {"path":"/home/ntoylker/Desktop/ONLYVIBES/onlyvibes-backend/src/utils/dbHealth.js","statementMap":{"0":{"start":{"line":4,"column":17},"end":{"line":10,"column":1}},"1":{"start":{"line":9,"column":22},"end":{"line":9,"column":58}},"2":{"start":{"line":12,"column":29},"end":{"line":12,"column":59}},"3":{"start":{"line":12,"column":35},"end":{"line":12,"column":59}}},"fnMap":{"0":{"name":"(anonymous_0)","decl":{"start":{"line":9,"column":16},"end":{"line":9,"column":17}},"loc":{"start":{"line":9,"column":22},"end":{"line":9,"column":58}},"line":9},"1":{"name":"(anonymous_1)","decl":{"start":{"line":12,"column":29},"end":{"line":12,"column":30}},"loc":{"start":{"line":12,"column":35},"end":{"line":12,"column":59}},"line":12}},"branchMap":{},"s":{"0":6,"1":65,"2":6,"3":93},"f":{"0":65,"1":93},"b":{},"inputSourceMap":null,"_coverageSchema":"1a1c01bbd47fc00a2c39e90264f33305004495a9","hash":"c08f50549f03665a6b299a99b147c1be3d54bd26"}
,"/home/ntoylker/Desktop/ONLYVIBES/onlyvibes-backend/src/utils/logger.js": {"path":"/home/ntoylker/Desktop/ONLYVIBES/onlyvibes-backend/src/utils/logger.js","statementMap":{"0":{"start":{"line":4,"column":26},"end":{"line":4,"column":48}},"1":{"start":{"line":5,"column":24},"end":{"line":5,"column":48}}},"fnMap":{},"branchMap":{},"s":{"0":4,"1":4},"f":{},"b":{},"inputSourceMap":null,"_coverageSchema":"1a1c01bbd47fc00a2c39e90264f33305004495a9","hash":"41d3cae12ec77ca2d1eeab9345f424ee46ed65ba"}
}
