TN:
SF:src/app.js
FN:27,(anonymous_0)
FN:30,(anonymous_1)
FN:51,(anonymous_2)
FN:77,(anonymous_3)
FN:89,(anonymous_4)
FNF:5
FNH:3
FNDA:82,(anonymous_0)
FNDA:82,(anonymous_1)
FNDA:0,(anonymous_2)
FNDA:0,(anonymous_3)
FNDA:45,(anonymous_4)
DA:11,4
DA:13,4
DA:21,4
DA:22,4
DA:27,4
DA:28,82
DA:30,82
DA:31,82
DA:34,82
DA:35,82
DA:38,82
DA:45,82
DA:51,4
DA:52,0
DA:69,4
DA:70,4
DA:71,4
DA:72,4
DA:77,4
DA:78,0
DA:89,4
DA:90,45
DA:92,45
DA:93,30
DA:101,15
LF:25
LH:23
BRDA:35,0,0,13
BRDA:35,0,1,69
BRDA:90,1,0,45
BRDA:90,1,1,2
BRDA:92,2,0,30
BRDA:92,2,1,15
BRDA:92,3,0,45
BRDA:92,3,1,17
BRDA:96,4,0,30
BRDA:96,4,1,28
BRDA:97,5,0,30
BRDA:97,5,1,0
BRDA:105,6,0,15
BRDA:105,6,1,0
BRDA:106,7,0,15
BRDA:106,7,1,15
BRDA:108,8,0,15
BRDA:108,8,1,0
BRF:18
BRH:15
end_of_record
TN:
SF:src/controllers/accountController.js
FN:14,(anonymous_0)
FN:22,(anonymous_1)
FN:48,(anonymous_2)
FN:162,(anonymous_3)
FN:182,(anonymous_4)
FN:207,(anonymous_5)
FN:234,(anonymous_6)
FNF:7
FNH:7
FNDA:9,(anonymous_0)
FNDA:9,(anonymous_1)
FNDA:10,(anonymous_2)
FNDA:9,(anonymous_3)
FNDA:3,(anonymous_4)
FNDA:10,(anonymous_5)
FNDA:2,(anonymous_6)
DA:14,4
DA:15,9
DA:16,9
DA:17,9
DA:20,4
DA:22,4
DA:23,9
DA:25,9
DA:26,1
DA:29,9
DA:30,1
DA:33,9
DA:34,1
DA:37,9
DA:38,2
DA:41,9
DA:42,5
DA:43,5
DA:44,5
DA:48,4
DA:49,10
DA:50,1
DA:51,1
DA:52,1
DA:55,9
DA:65,9
DA:66,9
DA:68,9
DA:69,8
DA:70,1
DA:71,1
DA:72,1
DA:75,7
DA:77,7
DA:79,3
DA:80,1
DA:81,1
DA:82,1
DA:84,2
DA:85,2
DA:88,0
DA:89,0
DA:90,0
DA:91,0
DA:93,0
DA:94,0
DA:97,0
DA:98,0
DA:99,0
DA:100,0
DA:102,0
DA:103,0
DA:106,1
DA:107,1
DA:108,1
DA:109,1
DA:111,0
DA:112,0
DA:115,1
DA:116,1
DA:117,1
DA:118,1
DA:120,0
DA:121,0
DA:124,1
DA:125,1
DA:126,1
DA:127,1
DA:129,0
DA:130,0
DA:133,1
DA:134,1
DA:135,1
DA:136,1
DA:138,0
DA:139,0
DA:142,0
DA:146,3
DA:147,1
DA:148,1
DA:149,1
DA:152,2
DA:162,4
DA:163,9
DA:164,9
DA:166,4
DA:168,2
DA:175,7
DA:182,4
DA:183,3
DA:184,3
DA:185,3
DA:187,3
DA:188,2
DA:189,2
DA:190,2
DA:193,1
DA:200,2
DA:207,4
DA:208,10
DA:209,10
DA:210,10
DA:211,2
DA:213,2
DA:214,1
DA:215,1
DA:216,1
DA:219,1
DA:226,9
DA:234,4
DA:235,2
DA:236,2
DA:237,2
DA:239,2
DA:240,1
DA:241,1
DA:242,1
DA:245,1
DA:252,1
LF:119
LH:98
BRDA:15,0,0,0
BRDA:15,0,1,9
BRDA:25,1,0,1
BRDA:25,1,1,8
BRDA:29,2,0,1
BRDA:29,2,1,8
BRDA:29,3,0,9
BRDA:29,3,1,8
BRDA:33,4,0,1
BRDA:33,4,1,8
BRDA:33,5,0,9
BRDA:33,5,1,9
BRDA:33,5,2,9
BRDA:37,6,0,2
BRDA:37,6,1,7
BRDA:41,7,0,5
BRDA:41,7,1,4
BRDA:49,8,0,1
BRDA:49,8,1,9
BRDA:49,9,0,10
BRDA:49,9,1,10
BRDA:49,9,2,10
BRDA:69,10,0,1
BRDA:69,10,1,7
BRDA:77,11,0,3
BRDA:77,11,1,0
BRDA:77,11,2,0
BRDA:77,11,3,1
BRDA:77,11,4,1
BRDA:77,11,5,1
BRDA:77,11,6,1
BRDA:77,11,7,0
BRDA:79,12,0,1
BRDA:79,12,1,2
BRDA:79,13,0,3
BRDA:79,13,1,3
BRDA:88,14,0,0
BRDA:88,14,1,0
BRDA:97,15,0,0
BRDA:97,15,1,0
BRDA:97,16,0,0
BRDA:97,16,1,0
BRDA:106,17,0,1
BRDA:106,17,1,0
BRDA:115,18,0,1
BRDA:115,18,1,0
BRDA:124,19,0,1
BRDA:124,19,1,0
BRDA:124,20,0,1
BRDA:124,20,1,1
BRDA:133,21,0,1
BRDA:133,21,1,0
BRDA:146,22,0,1
BRDA:146,22,1,2
BRDA:187,23,0,2
BRDA:187,23,1,1
BRDA:213,24,0,1
BRDA:213,24,1,1
BRDA:239,25,0,1
BRDA:239,25,1,1
BRF:60
BRH:46
end_of_record
TN:
SF:src/controllers/authController.js
FN:9,signup
FN:66,login
FNF:2
FNH:2
FNDA:3,signup
FNDA:2,login
DA:10,3
DA:11,3
DA:14,3
DA:15,1
DA:21,2
DA:22,2
DA:23,1
DA:27,1
DA:30,1
DA:38,1
DA:48,1
DA:59,0
DA:67,2
DA:68,2
DA:70,2
DA:71,2
DA:72,0
DA:75,2
DA:76,2
DA:77,1
DA:80,1
DA:90,1
DA:101,0
LF:23
LH:20
BRDA:14,0,0,1
BRDA:14,0,1,2
BRDA:14,1,0,3
BRDA:14,1,1,3
BRDA:14,1,2,3
BRDA:22,2,0,1
BRDA:22,2,1,1
BRDA:71,3,0,0
BRDA:71,3,1,2
BRDA:76,4,0,1
BRDA:76,4,1,1
BRF:11
BRH:10
end_of_record
TN:
SF:src/controllers/eventController.js
FN:12,(anonymous_0)
FN:18,(anonymous_1)
FN:31,(anonymous_2)
FN:37,(anonymous_3)
FN:43,(anonymous_4)
FN:50,(anonymous_5)
FN:93,(anonymous_6)
FN:100,(anonymous_7)
FN:155,(anonymous_8)
FN:193,(anonymous_9)
FN:228,(anonymous_10)
FN:266,(anonymous_11)
FN:303,(anonymous_12)
FN:338,(anonymous_13)
FNF:14
FNH:14
FNDA:54,(anonymous_0)
FNDA:15,(anonymous_1)
FNDA:10,(anonymous_2)
FNDA:23,(anonymous_3)
FNDA:17,(anonymous_4)
FNDA:10,(anonymous_5)
FNDA:3,(anonymous_6)
FNDA:5,(anonymous_7)
FNDA:7,(anonymous_8)
FNDA:3,(anonymous_9)
FNDA:7,(anonymous_10)
FNDA:11,(anonymous_11)
FNDA:3,(anonymous_12)
FNDA:1,(anonymous_13)
DA:12,4
DA:13,54
DA:14,0
DA:18,4
DA:19,15
DA:22,4
DA:31,4
DA:32,10
DA:33,10
DA:34,10
DA:37,4
DA:38,23
DA:43,4
DA:44,17
DA:45,3
DA:47,14
DA:50,4
DA:51,10
DA:52,0
DA:55,10
DA:56,10
DA:58,10
DA:59,11
DA:60,1
DA:63,10
DA:65,10
DA:67,2
DA:68,0
DA:72,2
DA:73,2
DA:76,2
DA:81,1
DA:83,1
DA:84,1
DA:88,2
DA:90,2
DA:91,1
DA:93,3
DA:97,2
DA:100,5
DA:102,0
DA:107,2
DA:108,2
DA:111,2
DA:112,2
DA:113,1
DA:115,1
DA:116,1
DA:119,1
DA:120,0
DA:124,1
DA:125,1
DA:128,1
DA:133,1
DA:135,0
DA:136,0
DA:139,0
DA:143,6
DA:144,1
DA:147,5
DA:149,5
DA:155,4
DA:156,7
DA:157,7
DA:159,7
DA:163,7
DA:165,7
DA:166,7
DA:167,3
DA:173,7
DA:178,7
DA:185,0
DA:186,0
DA:193,4
DA:194,3
DA:195,3
DA:199,3
DA:201,2
DA:202,2
DA:203,1
DA:204,1
DA:205,1
DA:208,1
DA:213,1
DA:220,2
DA:221,2
DA:228,4
DA:229,7
DA:230,7
DA:235,7
DA:237,7
DA:238,2
DA:241,5
DA:246,3
DA:251,3
DA:258,4
DA:259,4
DA:266,4
DA:267,11
DA:268,11
DA:273,11
DA:274,10
DA:276,5
DA:277,5
DA:278,1
DA:279,1
DA:280,1
DA:283,4
DA:288,4
DA:295,7
DA:296,7
DA:303,4
DA:304,3
DA:305,3
DA:309,3
DA:311,2
DA:312,2
DA:313,1
DA:314,1
DA:315,1
DA:318,1
DA:322,1
DA:329,2
DA:330,2
DA:338,4
DA:339,1
DA:340,1
DA:344,1
DA:345,1
DA:346,0
DA:349,1
DA:352,1
DA:356,1
DA:361,1
DA:368,0
DA:369,0
LF:136
LH:123
BRDA:13,0,0,0
BRDA:13,0,1,54
BRDA:13,1,0,54
BRDA:13,1,1,54
BRDA:38,2,0,23
BRDA:38,2,1,23
BRDA:44,3,0,3
BRDA:44,3,1,14
BRDA:50,4,0,0
BRDA:51,5,0,0
BRDA:51,5,1,10
BRDA:51,6,0,10
BRDA:51,6,1,10
BRDA:59,7,0,1
BRDA:59,7,1,10
BRDA:65,8,0,2
BRDA:65,8,1,2
BRDA:65,8,2,2
BRDA:65,8,3,2
BRDA:65,8,4,1
BRDA:65,8,5,1
BRDA:65,8,6,0
BRDA:67,9,0,0
BRDA:67,9,1,2
BRDA:67,10,0,2
BRDA:67,10,1,2
BRDA:76,11,0,1
BRDA:76,11,1,1
BRDA:77,12,0,2
BRDA:77,12,1,2
BRDA:77,12,2,1
BRDA:83,13,0,1
BRDA:83,13,1,1
BRDA:90,14,0,1
BRDA:90,14,1,1
BRDA:97,15,0,0
BRDA:97,15,1,2
BRDA:98,16,0,2
BRDA:98,16,1,2
BRDA:98,16,2,2
BRDA:100,17,0,5
BRDA:100,17,1,5
BRDA:112,18,0,1
BRDA:112,18,1,1
BRDA:119,19,0,0
BRDA:119,19,1,1
BRDA:119,20,0,1
BRDA:119,20,1,1
BRDA:128,21,0,1
BRDA:128,21,1,0
BRDA:129,22,0,1
BRDA:129,22,1,1
BRDA:129,22,2,1
BRDA:135,23,0,0
BRDA:135,23,1,0
BRDA:143,24,0,1
BRDA:143,24,1,5
BRDA:166,25,0,3
BRDA:166,25,1,4
BRDA:168,26,0,2
BRDA:168,26,1,1
BRDA:168,27,0,3
BRDA:168,27,1,2
BRDA:202,28,0,1
BRDA:202,28,1,1
BRDA:235,29,0,7
BRDA:235,29,1,7
BRDA:237,30,0,2
BRDA:237,30,1,5
BRDA:237,31,0,7
BRDA:237,31,1,6
BRDA:277,32,0,1
BRDA:277,32,1,4
BRDA:312,33,0,1
BRDA:312,33,1,1
BRDA:345,34,0,0
BRDA:345,34,1,1
BRDA:345,35,0,1
BRDA:345,35,1,1
BRDA:352,36,0,1
BRDA:352,36,1,0
BRF:81
BRH:69
end_of_record
TN:
SF:src/controllers/reviewController.js
FN:14,(anonymous_0)
FN:17,(anonymous_1)
FN:26,(anonymous_2)
FN:36,(anonymous_3)
FN:47,(anonymous_4)
FN:70,(anonymous_5)
FN:97,(anonymous_6)
FN:143,(anonymous_7)
FN:181,(anonymous_8)
FN:209,(anonymous_9)
FNF:10
FNH:10
FNDA:28,(anonymous_0)
FNDA:28,(anonymous_1)
FNDA:17,(anonymous_2)
FNDA:6,(anonymous_3)
FNDA:5,(anonymous_4)
FNDA:3,(anonymous_5)
FNDA:5,(anonymous_6)
FNDA:4,(anonymous_7)
FNDA:2,(anonymous_8)
FNDA:3,(anonymous_9)
DA:14,4
DA:15,28
DA:17,4
DA:18,28
DA:19,2
DA:20,2
DA:21,2
DA:23,26
DA:26,4
DA:27,17
DA:28,17
DA:29,2
DA:30,2
DA:31,2
DA:33,15
DA:36,4
DA:37,6
DA:38,2
DA:39,2
DA:40,2
DA:47,4
DA:48,5
DA:49,5
DA:50,4
DA:51,3
DA:53,3
DA:63,2
DA:70,4
DA:71,3
DA:72,3
DA:73,3
DA:74,2
DA:76,2
DA:77,2
DA:78,1
DA:79,1
DA:80,1
DA:83,1
DA:90,2
DA:97,4
DA:98,5
DA:99,5
DA:100,5
DA:102,5
DA:104,4
DA:105,1
DA:106,1
DA:107,1
DA:110,3
DA:112,2
DA:116,2
DA:117,1
DA:118,1
DA:119,1
DA:122,1
DA:129,1
DA:136,4
DA:143,4
DA:144,4
DA:145,4
DA:146,4
DA:147,4
DA:149,4
DA:151,4
DA:152,3
DA:155,3
DA:161,3
DA:162,1
DA:163,1
DA:164,1
DA:167,2
DA:174,2
DA:181,4
DA:182,2
DA:183,2
DA:184,2
DA:186,2
DA:188,2
DA:189,2
DA:190,1
DA:191,1
DA:192,1
DA:195,1
DA:202,1
DA:209,4
DA:210,3
DA:211,3
DA:212,3
DA:213,1
DA:214,1
DA:215,1
DA:218,2
DA:220,2
DA:230,1
LF:94
LH:94
BRDA:15,0,0,28
BRDA:15,0,1,28
BRDA:18,1,0,2
BRDA:18,1,1,26
BRDA:28,2,0,2
BRDA:28,2,1,15
BRDA:37,3,0,2
BRDA:37,3,1,4
BRDA:37,4,0,6
BRDA:37,4,1,6
BRDA:37,4,2,5
BRDA:58,5,0,2
BRDA:58,5,1,1
BRDA:77,6,0,1
BRDA:77,6,1,1
BRDA:104,7,0,1
BRDA:104,7,1,3
BRDA:104,8,0,4
BRDA:104,8,1,3
BRDA:116,9,0,1
BRDA:116,9,1,1
BRDA:151,10,0,3
BRDA:151,10,1,1
BRDA:156,11,0,2
BRDA:156,11,1,1
BRDA:161,12,0,1
BRDA:161,12,1,2
BRDA:189,13,0,1
BRDA:189,13,1,1
BRDA:212,14,0,1
BRDA:212,14,1,2
BRDA:225,15,0,1
BRDA:225,15,1,1
BRF:33
BRH:33
end_of_record
TN:
SF:src/middleware/auth.js
FN:4,authenticate
FNF:1
FNH:1
FNDA:4,authenticate
DA:5,4
DA:7,4
DA:8,1
DA:11,3
DA:13,3
DA:14,1
DA:17,2
DA:18,2
DA:19,2
DA:20,0
DA:21,0
DA:24,2
DA:25,1
DA:26,1
DA:28,1
DA:29,1
LF:16
LH:14
BRDA:7,0,0,1
BRDA:7,0,1,3
BRDA:13,1,0,1
BRDA:13,1,1,2
BRDA:13,2,0,3
BRDA:13,2,1,2
BRDA:19,3,0,0
BRDA:19,3,1,2
BRF:8
BRH:7
end_of_record
TN:
SF:src/models/account.js
FN:44,(anonymous_0)
FN:48,(anonymous_1)
FNF:2
FNH:2
FNDA:36,(anonymous_0)
FNDA:36,(anonymous_1)
DA:8,5
DA:44,36
DA:48,36
DA:54,5
LF:4
LH:4
BRDA:54,0,0,5
BRDA:54,0,1,5
BRF:2
BRH:2
end_of_record
TN:
SF:src/models/event.js
FN:4,(anonymous_0)
FN:10,(anonymous_1)
FN:58,(anonymous_2)
FN:74,(anonymous_3)
FN:78,(anonymous_4)
FN:83,(anonymous_5)
FN:89,(anonymous_6)
FNF:7
FNH:7
FNDA:115,(anonymous_0)
FNDA:2,(anonymous_1)
FNDA:112,(anonymous_2)
FNDA:110,(anonymous_3)
FNDA:5,(anonymous_4)
FNDA:2,(anonymous_5)
FNDA:2,(anonymous_6)
DA:4,6
DA:5,115
DA:6,0
DA:10,6
DA:11,2
DA:17,6
DA:58,112
DA:74,6
DA:75,110
DA:78,6
DA:79,5
DA:80,4
DA:83,6
DA:84,2
DA:85,1
DA:89,6
DA:90,2
DA:91,2
DA:93,2
DA:97,6
LF:20
LH:19
BRDA:5,0,0,0
BRDA:5,0,1,115
BRDA:5,1,0,115
BRDA:5,1,1,115
BRDA:58,2,0,112
BRDA:58,2,1,112
BRDA:79,3,0,1
BRDA:79,3,1,4
BRDA:84,4,0,1
BRDA:84,4,1,1
BRDA:90,5,0,2
BRDA:90,5,1,0
BRDA:97,6,0,6
BRDA:97,6,1,6
BRF:14
BRH:12
end_of_record
TN:
SF:src/models/review.js
FNF:0
FNH:0
DA:7,5
DA:41,5
LF:2
LH:2
BRDA:41,0,0,5
BRDA:41,0,1,5
BRF:2
BRH:2
end_of_record
TN:
SF:src/routes/accountRoutes.js
FNF:0
FNH:0
DA:10,4
DA:13,4
DA:16,4
DA:19,4
DA:22,4
LF:5
LH:5
BRF:0
BRH:0
end_of_record
TN:
SF:src/routes/authRoutes.js
FNF:0
FNH:0
DA:5,4
DA:8,4
DA:11,4
LF:3
LH:3
BRF:0
BRH:0
end_of_record
TN:
SF:src/routes/eventRoutes.js
FNF:0
FNH:0
DA:12,4
DA:15,4
DA:18,4
DA:21,4
DA:24,4
DA:27,4
DA:30,4
LF:7
LH:7
BRF:0
BRH:0
end_of_record
TN:
SF:src/routes/reviewRoutes.js
FNF:0
FNH:0
DA:12,4
DA:15,4
DA:16,4
DA:17,4
DA:18,4
DA:19,4
DA:22,4
LF:7
LH:7
BRF:0
BRH:0
end_of_record
TN:
SF:src/services/accountService.js
FN:5,(anonymous_0)
FN:13,(anonymous_1)
FN:30,(anonymous_2)
FN:50,(anonymous_3)
FN:82,(anonymous_4)
FN:101,(anonymous_5)
FN:126,(anonymous_6)
FNF:7
FNH:7
FNDA:13,(anonymous_0)
FNDA:3,(anonymous_1)
FNDA:7,(anonymous_2)
FNDA:4,(anonymous_3)
FNDA:3,(anonymous_4)
FNDA:3,(anonymous_5)
FNDA:3,(anonymous_6)
DA:5,4
DA:6,13
DA:7,1
DA:8,1
DA:9,1
DA:13,4
DA:14,3
DA:15,3
DA:17,3
DA:18,1
DA:19,1
DA:20,1
DA:30,4
DA:31,7
DA:33,4
DA:36,4
DA:37,4
DA:40,4
DA:41,4
DA:50,4
DA:51,4
DA:53,4
DA:54,3
DA:56,2
DA:57,2
DA:69,2
DA:71,0
DA:72,0
DA:82,4
DA:83,3
DA:85,3
DA:86,3
DA:87,3
DA:89,0
DA:90,0
DA:101,4
DA:102,3
DA:104,3
DA:106,3
DA:107,3
DA:113,2
DA:115,1
DA:116,1
DA:126,4
DA:127,3
DA:129,3
DA:130,3
DA:131,2
DA:133,1
DA:134,1
LF:50
LH:46
BRDA:6,0,0,1
BRDA:6,0,1,12
BRDA:14,1,0,3
BRDA:14,1,1,0
BRDA:17,2,0,1
BRDA:17,2,1,2
BRDA:31,3,0,3
BRDA:31,3,1,4
BRDA:33,4,0,4
BRDA:33,4,1,0
BRDA:36,5,0,4
BRDA:36,5,1,0
BRDA:36,6,0,4
BRDA:36,6,1,4
BRDA:63,7,0,2
BRDA:63,7,1,1
BRDA:64,8,0,2
BRDA:64,8,1,1
BRF:18
BRH:15
end_of_record
TN:
SF:src/services/eventService.js
FN:5,(anonymous_0)
FN:11,(anonymous_1)
FN:20,(anonymous_2)
FN:42,(anonymous_3)
FN:48,(anonymous_4)
FN:52,(anonymous_5)
FN:65,(anonymous_6)
FN:106,(anonymous_7)
FN:142,(anonymous_8)
FN:190,(anonymous_9)
FN:242,(anonymous_10)
FN:268,(anonymous_11)
FNF:12
FNH:12
FNDA:60,(anonymous_0)
FNDA:3,(anonymous_1)
FNDA:22,(anonymous_2)
FNDA:9,(anonymous_3)
FNDA:6,(anonymous_4)
FNDA:8,(anonymous_5)
FNDA:9,(anonymous_6)
FNDA:5,(anonymous_7)
FNDA:7,(anonymous_8)
FNDA:8,(anonymous_9)
FNDA:5,(anonymous_10)
FNDA:3,(anonymous_11)
DA:5,5
DA:6,60
DA:7,0
DA:11,5
DA:12,3
DA:20,5
DA:21,22
DA:23,18
DA:25,18
DA:26,18
DA:29,18
DA:31,18
DA:42,5
DA:43,9
DA:45,9
DA:46,3
DA:48,6
DA:50,6
DA:51,6
DA:52,8
DA:56,9
DA:65,5
DA:66,9
DA:68,9
DA:69,1
DA:70,1
DA:73,8
DA:74,8
DA:76,8
DA:78,4
DA:81,8
DA:83,5
DA:86,8
DA:88,8
DA:89,8
DA:91,8
DA:93,8
DA:95,0
DA:96,0
DA:106,5
DA:107,5
DA:108,1
DA:109,1
DA:112,4
DA:113,4
DA:114,4
DA:115,4
DA:117,4
DA:118,2
DA:121,4
DA:123,0
DA:124,0
DA:142,5
DA:143,7
DA:144,1
DA:145,1
DA:148,6
DA:149,6
DA:151,6
DA:161,6
DA:168,6
DA:169,4
DA:171,4
DA:176,4
DA:178,2
DA:179,2
DA:190,5
DA:191,8
DA:192,1
DA:193,1
DA:196,7
DA:197,7
DA:199,7
DA:200,2
DA:204,7
DA:205,3
DA:206,3
DA:209,7
DA:214,7
DA:218,7
DA:220,7
DA:221,2
DA:223,5
DA:229,7
DA:231,0
DA:232,0
DA:242,5
DA:243,5
DA:244,1
DA:245,1
DA:248,4
DA:249,4
DA:250,4
DA:251,4
DA:253,4
DA:255,4
DA:257,0
DA:258,0
DA:268,5
DA:269,3
DA:270,2
DA:275,2
LF:102
LH:93
BRDA:6,0,0,0
BRDA:6,0,1,60
BRDA:6,1,0,60
BRDA:6,1,1,60
BRDA:21,2,0,4
BRDA:21,2,1,18
BRDA:23,3,0,18
BRDA:23,3,1,0
BRDA:25,4,0,18
BRDA:25,4,1,0
BRDA:25,5,0,18
BRDA:25,5,1,18
BRDA:43,6,0,9
BRDA:43,6,1,6
BRDA:45,7,0,3
BRDA:45,7,1,6
BRDA:50,8,0,6
BRDA:50,8,1,0
BRDA:52,9,0,8
BRDA:52,9,1,0
BRDA:65,10,0,0
BRDA:68,11,0,1
BRDA:68,11,1,8
BRDA:76,12,0,4
BRDA:76,12,1,4
BRDA:81,13,0,5
BRDA:81,13,1,3
BRDA:107,14,0,1
BRDA:107,14,1,4
BRDA:117,15,0,2
BRDA:117,15,1,2
BRDA:143,16,0,1
BRDA:143,16,1,6
BRDA:154,17,0,6
BRDA:154,17,1,2
BRDA:158,18,0,6
BRDA:158,18,1,3
BRDA:162,19,0,6
BRDA:162,19,1,0
BRDA:191,20,0,1
BRDA:191,20,1,7
BRDA:199,21,0,2
BRDA:199,21,1,5
BRDA:204,22,0,3
BRDA:204,22,1,4
BRDA:204,23,0,7
BRDA:204,23,1,5
BRDA:220,24,0,2
BRDA:220,24,1,5
BRDA:243,25,0,1
BRDA:243,25,1,4
BRDA:269,26,0,1
BRDA:269,26,1,2
BRF:53
BRH:46
end_of_record
TN:
SF:src/services/reviewService.js
FN:6,(anonymous_0)
FN:25,(anonymous_1)
FN:31,(anonymous_2)
FN:37,(anonymous_3)
FN:43,(anonymous_4)
FN:49,(anonymous_5)
FN:65,(anonymous_6)
FN:88,(anonymous_7)
FN:95,(anonymous_8)
FN:102,(anonymous_9)
FN:108,(anonymous_10)
FN:114,(anonymous_11)
FN:121,(anonymous_12)
FN:123,(anonymous_13)
FN:124,(anonymous_14)
FNF:15
FNH:15
FNDA:15,(anonymous_0)
FNDA:18,(anonymous_1)
FNDA:4,(anonymous_2)
FNDA:3,(anonymous_3)
FNDA:4,(anonymous_4)
FNDA:3,(anonymous_5)
FNDA:4,(anonymous_6)
FNDA:5,(anonymous_7)
FNDA:5,(anonymous_8)
FNDA:4,(anonymous_9)
FNDA:1,(anonymous_10)
FNDA:4,(anonymous_11)
FNDA:2,(anonymous_12)
FNDA:4,(anonymous_13)
FNDA:2,(anonymous_14)
DA:6,5
DA:7,15
DA:9,12
DA:11,12
DA:12,11
DA:13,11
DA:14,11
DA:17,12
DA:18,11
DA:21,12
DA:22,12
DA:25,5
DA:26,18
DA:27,17
DA:28,17
DA:31,5
DA:32,4
DA:33,3
DA:34,3
DA:37,5
DA:38,3
DA:39,2
DA:40,2
DA:43,5
DA:44,4
DA:45,3
DA:46,3
DA:49,5
DA:50,3
DA:51,1
DA:54,2
DA:62,2
DA:65,5
DA:66,4
DA:68,3
DA:69,3
DA:70,2
DA:72,3
DA:73,2
DA:75,3
DA:76,1
DA:79,3
DA:85,3
DA:88,5
DA:89,5
DA:91,4
DA:92,4
DA:95,5
DA:96,5
DA:98,4
DA:99,4
DA:101,2
DA:102,4
DA:103,2
DA:107,2
DA:108,1
DA:111,2
DA:112,2
DA:114,2
DA:115,4
DA:116,2
DA:118,4
DA:121,2
DA:122,2
DA:123,4
DA:124,2
DA:125,2
DA:128,2
DA:140,2
LF:69
LH:69
BRDA:7,0,0,3
BRDA:7,0,1,12
BRDA:9,1,0,11
BRDA:9,1,1,1
BRDA:11,2,0,11
BRDA:11,2,1,1
BRDA:17,3,0,11
BRDA:17,3,1,1
BRDA:26,4,0,1
BRDA:26,4,1,17
BRDA:28,5,0,15
BRDA:28,5,1,2
BRDA:32,6,0,1
BRDA:32,6,1,3
BRDA:38,7,0,1
BRDA:38,7,1,2
BRDA:44,8,0,1
BRDA:44,8,1,3
BRDA:50,9,0,1
BRDA:50,9,1,2
BRDA:58,10,0,2
BRDA:58,10,1,1
BRDA:59,11,0,1
BRDA:59,11,1,1
BRDA:66,12,0,1
BRDA:66,12,1,3
BRDA:69,13,0,2
BRDA:69,13,1,1
BRDA:72,14,0,2
BRDA:72,14,1,1
BRDA:75,15,0,1
BRDA:75,15,1,2
BRDA:89,16,0,1
BRDA:89,16,1,4
BRDA:96,17,0,1
BRDA:96,17,1,4
BRDA:99,18,0,2
BRDA:99,18,1,2
BRDA:115,19,0,2
BRDA:115,19,1,2
BRDA:125,20,0,1
BRDA:125,20,1,1
BRDA:130,21,0,2
BRDA:130,21,1,1
BRDA:131,22,0,2
BRDA:131,22,1,1
BRF:46
BRH:46
end_of_record
TN:
SF:src/tests/utils/testDb.js
FN:8,(anonymous_0)
FN:13,(anonymous_1)
FN:24,(anonymous_2)
FN:37,(anonymous_3)
FN:41,(anonymous_4)
FN:50,(anonymous_5)
FN:65,(anonymous_6)
FN:72,(anonymous_7)
FNF:8
FNH:7
FNDA:7,(anonymous_0)
FNDA:7,(anonymous_1)
FNDA:7,(anonymous_2)
FNDA:87,(anonymous_3)
FNDA:250,(anonymous_4)
FNDA:5,(anonymous_5)
FNDA:0,(anonymous_6)
FNDA:3,(anonymous_7)
DA:8,6
DA:9,7
DA:10,7
DA:11,7
DA:13,7
DA:14,7
DA:15,6
DA:16,6
DA:20,7
DA:25,7
DA:27,7
DA:28,1
DA:31,6
DA:38,87
DA:40,86
DA:41,250
DA:44,86
DA:51,5
DA:52,5
DA:55,5
DA:56,5
DA:57,5
DA:58,5
DA:66,0
DA:73,3
LF:25
LH:24
BRDA:8,0,0,5
BRDA:9,1,0,7
BRDA:9,1,1,5
BRDA:14,2,0,6
BRDA:14,2,1,1
BRDA:27,3,0,1
BRDA:27,3,1,6
BRDA:38,4,0,1
BRDA:38,4,1,86
BRDA:51,5,0,5
BRDA:51,5,1,0
BRDA:51,6,0,5
BRDA:51,6,1,5
BRDA:55,7,0,5
BRDA:55,7,1,0
BRF:15
BRH:13
end_of_record
TN:
SF:src/utils/dbHealth.js
FN:9,(anonymous_0)
FN:12,(anonymous_1)
FNF:2
FNH:2
FNDA:65,(anonymous_0)
FNDA:93,(anonymous_1)
DA:4,6
DA:9,65
DA:12,93
LF:3
LH:3
BRF:0
BRH:0
end_of_record
TN:
SF:src/utils/logger.js
FNF:0
FNH:0
DA:4,4
DA:5,4
LF:2
LH:2
BRF:0
BRH:0
end_of_record
